
[24/02/2013 19:58:29] Edo Tensei: Ola
[24/02/2013 20:01:02] Edo Tensei: adm vai ter evento do amdara e do minato?
[24/02/2013 20:02:11] Shot Black: da aew pf eu sei faser magias
[24/02/2013 20:03:03] Nome: adm tenho uma pergunta vai ter evento sortiando minato?
[24/02/2013 20:03:32] Edo Tensei: mnw magias todo mund sabe fazer quero ver se tu sabe administra o ot com mapper scripeter
[24/02/2013 20:03:45] Shot Black: eu sei
[24/02/2013 20:06:27] Rikudou'sennin: adm taee ??
[24/02/2013 20:06:55] Shiiro: Koe Algum Adm me da um /c Pro Templo ??? *u*
[24/02/2013 20:12:32] Edo Tensei: ADM ABRE A PROTA DO EXAME CHUNIN
[24/02/2013 20:12:42] Corey: 304 Uia =p
[24/02/2013 20:18:49] Met Chew: Alguem ae?
[24/02/2013 20:19:01] Edo Tensei: eu
[24/02/2013 20:20:24] Met Chew: vc e algo do serve eu to divugando na minha pagina do facebook :narutibia online a pagina e nova mas ta indo pfv curta . :)
[24/02/2013 20:21:02] Edo Tensei: nao so apenas player
[24/02/2013 20:21:46] Met Chew: Esse serve e bom nao tem lag ;) 
[24/02/2013 20:22:56] Corey: Galerinha duvidas pode me perguntar ^^
[24/02/2013 20:23:38] Rikudou'sennin: adm me da um oro tunic pfvv só pra upa
[24/02/2013 20:23:39] Tidapaz: Eventoi vaI SE DE QUE? 
[24/02/2013 20:23:55] Itachi: poem a newtype do itachi edo tensei em mim ? e tira o premmy pra o susano completo do itachi pff
[24/02/2013 20:24:03] Clones Das Sombras: QUERIA SABE PQ EU SO PEIXEEEEEE
[24/02/2013 20:24:25] Met Chew: Clones da sombra talves voce nao escolheu uma vocaçao.
[24/02/2013 20:24:29] Corey: Rikudou'sennin não sei se adm da itens a players mas pode ser que no inicio sim,Clones Das Sombras o adm ja esta arrumando.Tidapaz ainda não sabem
[24/02/2013 20:27:52] Met Chew: Alguem poderia curtir minha pagina no facebook
[24/02/2013 20:29:04] Met Chew: ei
[24/02/2013 20:29:43] Patrick: adm foi vc q feiz as transform mesmo ?
[24/02/2013 20:30:09] Rikudou'sennin: como pega minato ou nagato 
[24/02/2013 20:30:24] Corey: Minato so no evento nagato tem que ser vip
[24/02/2013 20:32:53] The nome: Adm meu kisame ta bugado o visu dele parece um sasuke
[24/02/2013 20:36:26] Met Chew: Curtam minha pagina no facebbok to divugando o serve : Narutibia Online
[24/02/2013 20:37:08] Clones Das Sombras: idai
[24/02/2013 20:37:23] Fey Rune: kisame é  bom?
[24/02/2013 20:38:51] Cruelziika: ae qual o client official
[24/02/2013 20:38:51] Tick Zika: ae adm troca minha vocaçao criei errado
[24/02/2013 20:39:55] Fey Rune: Tick -nao tem como
[24/02/2013 20:40:21] [ADM] PoWeR: ^^
[24/02/2013 20:40:29] The nome: aeww virei kisame vlw adm
[24/02/2013 20:40:32] Corey: Tem mas o npc sera adicionado dps ^^
[24/02/2013 20:40:41] Rikudou'sennin: adm como pega as voc madara minato ou nagato ?? 
[24/02/2013 20:40:47] [ADM] PoWeR: tera
[24/02/2013 20:40:48] [ADM] PoWeR: evento
[24/02/2013 20:40:49] [ADM] PoWeR: valendo
[24/02/2013 20:40:49] [ADM] PoWeR: elas
[24/02/2013 20:40:53] Clones Das Sombras: i eu vo ganha :x
[24/02/2013 20:40:55] Tick Zika: ADM TEM COMO TROCA NAO? TO LOW LEVEL É Q SÓ TENHO ESSE NICK
[24/02/2013 20:41:08] Itachi: power vem aki, me fala como entro no esconderijo da akat ?
[24/02/2013 20:41:19] Master lord: por que nao da pra fazer minato
[24/02/2013 20:41:24] Kisame: adm eu tenhu tmplete do naruto lergiao
[24/02/2013 20:41:33] Fey Rune: qual char tem mais transformaçao?
[24/02/2013 20:42:10] [ADM] PoWeR: hmm
[24/02/2013 20:42:39] Fey Rune: power kisame tem 3transformaçao????
[24/02/2013 20:42:55] Cruelziika: vai fazer um site igual ao naruto ultimate?
[24/02/2013 20:43:02] Itachi: power prescisa oque pra vira chunnin ?
[24/02/2013 20:43:16] [ADM] PoWeR: Galera
[24/02/2013 20:43:16] [ADM] PoWeR: o
[24/02/2013 20:43:17] [ADM] PoWeR: kisame
[24/02/2013 20:43:19] [ADM] PoWeR: tem so 2
[24/02/2013 20:43:21] [ADM] PoWeR: mais
[24/02/2013 20:43:22] [ADM] PoWeR: ele vai ter
[24/02/2013 20:43:23] [ADM] PoWeR: 8
[24/02/2013 20:43:27] [ADM] PoWeR: todas igual do nto br
[24/02/2013 20:43:29] [ADM] PoWeR: na update
[24/02/2013 20:43:52] Fey Rune: só 2?? quando vai coloca as 8?
[24/02/2013 20:44:11] [ADM] PoWeR: TALVEZ
[24/02/2013 20:44:14] [ADM] PoWeR: amanha
[24/02/2013 20:44:43] Itachi: power prescisa das missao rank d pra vira chunnin ?
[24/02/2013 20:44:59] Fey Rune: aonde vo achar 75g pra trocar de vocaçao? 
[24/02/2013 20:45:08] Rikudou'sennin: adm tipo como pega set vip tipo yondaime sennnin legs vital é quest ou evento ?
[24/02/2013 20:45:40] Cruelziika: aff lag
[24/02/2013 20:45:47] Chirulipa: esse leg e so aq ?
[24/02/2013 20:46:00] Fey Rune: laaaaag
[24/02/2013 20:46:17] Itachi: eta lag
[24/02/2013 20:46:20] Edo Tensei: adm pq ta travando assim?
[24/02/2013 20:46:23] [ADM] PoWeR: pera
[24/02/2013 20:46:24] [ADM] PoWeR: man
[24/02/2013 20:46:25] [ADM] PoWeR: perae
[24/02/2013 20:46:30] [ADM] PoWeR: ve se ta melhor
[24/02/2013 20:47:00] [ADM] PoWeR: tao
[24/02/2013 20:47:00] [ADM] PoWeR: ae
[24/02/2013 20:47:00] [ADM] PoWeR: ?
[25/02/2013 09:51:33] Kisame Fodinha: pq  o kisame nao transforma?
[25/02/2013 10:00:34] The nome: ele transforma so q num determinado lvl
[25/02/2013 10:01:09] Namikaze: teae
[25/02/2013 10:01:20] Ruubinho: como crio minato ?
[25/02/2013 10:02:59] Kisame Fodinha: pq colocarao madra vip?
[25/02/2013 10:04:30] Namikaze: Pq se botasem free todos iam criar
[25/02/2013 10:05:00] Kisame Fodinha: mais varios serve tem amdara free e nem too mundo cria madara
[25/02/2013 10:19:30] Daniell: adm coloca orochimaru free
[25/02/2013 10:40:04] Boroth: lag ai gente? ;S
[25/02/2013 10:40:19] Daniell: sim
[25/02/2013 10:43:42] Daniell: leg d mais afs
[25/02/2013 10:43:47] Vinipein: pq ta legg?
[25/02/2013 10:45:26] The nome: adm ta ai?
[25/02/2013 10:46:01] Vinipein: como fica vip aqui no jogo?
[25/02/2013 10:50:44] Vinipein: aa legg
[25/02/2013 10:56:31] The nome: vip = 10 reais
[25/02/2013 11:00:57] Namikaze: VLW
[25/02/2013 11:07:11] Buterkill: pra que serve o  kage oni shibari no jutsu do shikamaru?
[25/02/2013 11:08:09] Vinipein: legg
[25/02/2013 11:12:57] Buterkill: adm ta ai?
[25/02/2013 11:16:39] The nome: naooooooooooooooooooooooooo
[25/02/2013 17:39:01] Motherfuck: adm
[25/02/2013 17:43:09] Motherfuck: adm
[25/02/2013 18:02:02] Patrick: alquem ai ?
[25/02/2013 18:08:24] Sub mil: vai ter evento hoje?
[25/02/2013 18:19:35] Socaralho: evento de q?
[25/02/2013 18:21:28] Legeend: NUSS adm ot show parabens
[25/02/2013 18:22:03] Blood Soul: como cria madara? 
[25/02/2013 18:22:11] Trapo-morreu: tem que ganha o evento
[25/02/2013 18:22:12] Gordon: Trapo-morreu
[25/02/2013 18:22:16] Trapo-morreu: q
[25/02/2013 18:23:13] Socaralho: trapo..vc tem uma orochi pra me dar?
[25/02/2013 18:23:23] Trapo-morreu: ñ
[25/02/2013 18:23:24] Trapo-morreu: desculpa
[25/02/2013 18:23:28] Blood Soul: qual o melhor personagem normal ?
[25/02/2013 18:23:29] Trapo-morreu: :(
[25/02/2013 18:23:33] Trapo-morreu: kisame
[25/02/2013 18:23:40] Legeend: Ei todos personagens tem chakra rest?
[25/02/2013 18:23:59] Trapo-morreu: sei la
[25/02/2013 18:24:02] Gordon: oq o rest faz ??
[25/02/2013 18:24:10] Trapo-morreu: enche mana
[25/02/2013 18:25:05] Socaralho: kakashi eh bom?
[25/02/2013 18:25:15] Trapo-morreu: s
[25/02/2013 18:25:36] Gordon: eieiei
[25/02/2013 18:25:42] Trapo-morreu: fala
[25/02/2013 18:25:56] Blood Soul: esse servidor é 24h ?
[25/02/2013 18:26:16] Trapo-morreu: ñ
[25/02/2013 18:26:17] Trapo-morreu: ainda ñ
[25/02/2013 18:28:11] Legeend: Vai ter evento voc?
[25/02/2013 18:28:21] Trapo-morreu: s
[25/02/2013 18:28:43] Blood Soul: tem q ser mto forte pra participar ?
[25/02/2013 18:28:56] Trapo-morreu: ñ 
[25/02/2013 18:29:31] Socaralho: o evento valendo or sera como?
[25/02/2013 18:29:47] Gordon: ond upo ??
[25/02/2013 18:30:11] Legeend: kd
[25/02/2013 18:30:38] Trapo-morreu: ja volto
[25/02/2013 18:32:54] Socaralho: adm...tem transform .v. 250 300?
[25/02/2013 18:33:12] [ADM] PoWeR: so
[25/02/2013 18:33:12] [ADM] PoWeR: na
[25/02/2013 18:33:14] [ADM] PoWeR: upadte
[25/02/2013 18:33:15] [ADM] PoWeR: ..
[25/02/2013 18:33:34] Blood Soul: o evento vai ser dificil  ? , quando for a hora vc vai puxar ? 
[25/02/2013 18:35:42] Legeend: ADM kd tu? to templo
[25/02/2013 18:37:15] Legeend: EU
[25/02/2013 18:37:16] Uchiha Itachi: eu
[25/02/2013 18:37:24] Socaralho: pode me puxar?
[25/02/2013 18:39:13] Socaralho: sumona na arena pra n dar cagadaaa
[25/02/2013 18:42:15] [ADM] PoWeR: centa
[25/02/2013 18:42:16] [ADM] PoWeR: na
[25/02/2013 18:42:18] Socaralho: eh evento pvp?
[25/02/2013 18:45:16] Fleender: qual a exp aki ?
[25/02/2013 18:45:22] Legeend: ALta
[25/02/2013 18:48:16] Fleender: uma duvida todo dia tem evento pvp valendo vaga ?
[25/02/2013 18:51:31] Socaralho: n vale vaga..ta valendo org '-'
[25/02/2013 18:52:57] Fleender: adm uma ideia pro ot
[25/02/2013 18:54:54] Fleender: fas as vocaçoes como minato madara e pain org por quest ou por lvl
[25/02/2013 18:55:41] Buterkill: adm , tem um jutsu lvl 1750 . . . ta certo isso?
[25/02/2013 18:57:16] [ADM] PoWeR: e
[25/02/2013 18:57:19] [ADM] PoWeR: pra n usarem
[25/02/2013 18:57:35] Socaralho: fikei em 3 '-'
[25/02/2013 18:58:57] Socaralho: fikei em 3 n ganho nada?
[25/02/2013 19:00:52] Buterkill: o jutsu é lvl 1000 pra ngm usar? '-'
[25/02/2013 19:03:41] Socaralho: puxa eu pr fvr
[25/02/2013 19:04:48] Socaralho: puxa eu pr fvr..to longeee
[25/02/2013 19:07:12] Killer: Aew shikamaro n tem kagenara
[25/02/2013 19:08:42] Buterkill: shikamaru tem quase magia nenhum rs
[25/02/2013 19:09:03] Killer: COMO eu me transformo
[25/02/2013 19:09:49] Socaralho: mais o edo ja eh madara '-'
[25/02/2013 19:09:53] [ADM] PoWeR: /assacin 9
[25/02/2013 19:09:56] [ADM] PoWeR: /assasin 9
[25/02/2013 19:10:16] Pedu: adm me puxa
[25/02/2013 19:10:59] Alone: como eu viro madara
[25/02/2013 19:11:38] Killer: como eu me trasformo man ajudai
[25/02/2013 19:11:46] Pedu: ki foi ?
[25/02/2013 19:13:06] Socaralho: ebaaaaaaaaaaaa
[25/02/2013 19:13:30] Pedu: sim ADM pq mi /t
[25/02/2013 19:13:43] Alone: COMO EU VIRO MADARA OU MINATO?
[25/02/2013 19:14:15] Killer: Harite chou
[25/02/2013 19:17:16] Ultra Kill: to indo
[25/02/2013 19:17:33] Mix Kisame: ae
[25/02/2013 19:18:32] Fleender: lol o assassinho nem emcosto em mim
[25/02/2013 19:20:09] Fleender: pod usar bull no event ?
[25/02/2013 19:20:25] Socaralho: adm...n me puxa igual vc me puxo da ultima vez '-'
[25/02/2013 19:21:09] [ADM] PoWeR: mlk
[25/02/2013 19:21:10] [ADM] PoWeR: para
[25/02/2013 19:21:10] [ADM] PoWeR: de
[25/02/2013 19:21:11] [ADM] PoWeR: falar
[25/02/2013 19:21:12] [ADM] PoWeR: merda
[25/02/2013 19:21:23] Alone: nossa depois dessa eu me fexava e saia do serv
[25/02/2013 19:21:29] Pedu: kkkkkk
[25/02/2013 19:22:07] Killer: aew coloca kagenara no shikamaru
[25/02/2013 19:23:54] Pedu: pqp ele convendo comigo
[25/02/2013 19:24:26] Kazehan Shark: EI ADM PQ N BOTA PREMIUM ACCOUNT GRATIS?
[25/02/2013 19:24:32] Alone: PODE ME PUXA SE KISER
[25/02/2013 19:25:49] Edo Tensei: adm
[25/02/2013 19:27:21] Socaralho: adm..pq nao eh pra mim entra? eu quero ganha alguma coisa '-'
[25/02/2013 19:28:06] Alone: AEEEEE
[25/02/2013 19:28:24] Edo Tensei: boa
[25/02/2013 19:28:30] Socaralho: me responda adm..'-'...............
[25/02/2013 19:28:34] Killer: transform
[25/02/2013 19:28:36] Kill All: onde esse evento
[25/02/2013 19:29:03] Trapo-morreu: encima
[25/02/2013 19:29:04] Trapo-morreu: do dp
[25/02/2013 19:29:11] Trapo-morreu: numa casa que tem encima
[25/02/2013 19:29:16] Alone: todo mundo falo que eu ia morre mais eu vivi
[25/02/2013 19:29:18] Buterkill: adm esse lugar que eu to
[25/02/2013 19:29:25] Trapo-morreu: eu ñ so adm
[25/02/2013 19:29:26] Trapo-morreu: ¬¬
[25/02/2013 19:30:04] Socaralho: aff..adm..os lek empurra..isso n vale '-'
[25/02/2013 19:30:11] Trapo-morreu: afk
[25/02/2013 19:31:07] Socaralho: mais os lek empurra...iss n pode '-'
[25/02/2013 19:31:15] Buterkill: nos pain eu tenho que matar todos?
[25/02/2013 19:31:17] Alone: hehe
[25/02/2013 19:31:40] Pedu: aff adm putaria essa o minato tem life infinito é ?
[25/02/2013 19:32:40] Itachi: adm ja teve o evento ?
[25/02/2013 19:38:22] Rikudou'sennin: adm to tomano debug ndo entro
[25/02/2013 19:40:13] Hawker: kisame e bom ?
[25/02/2013 19:40:55] Buterkill: pain da exp?
[25/02/2013 19:41:08] Kazehan Shark: e monstro? se for da e claro
[25/02/2013 19:42:28] Killer: aff shika tha nb
[25/02/2013 19:42:44] Sasuke uchiha: QUAL A MELHOR VOCAÇAO?
[25/02/2013 19:42:44] Buterkill: AFF MORRI PRO CAUSA DESSE LAG
[25/02/2013 19:42:57] Socaralho: charge
[25/02/2013 19:43:05] Fleender: lag
[25/02/2013 19:43:52] Buterkill: PORRA UMA HORA BATENDO NO PAIN QUANDO ELE TAN O RED EU MORRO PRA LAG, TA DE SACANAGEM NE?!
[25/02/2013 19:45:20] Fleender: lah
[25/02/2013 19:45:47] Buterkill: LAG ADM! LAGGG
[25/02/2013 19:45:58] Legeend: SS ADM POHA OQ TA ACONTEÇENDO?
[25/02/2013 19:46:13] Hawker: esse serv e 24 hr  ?
[25/02/2013 19:48:55] Itachi: hi
[25/02/2013 19:49:15] Buterkill: LAGGGGGGGGG!!!!!!!!
[25/02/2013 19:49:46] Huiton: afe morre culpa do leagg
[25/02/2013 19:50:18] Buterkill: PORRA ADM TA DE SACANAGEM NE?!
[25/02/2013 19:51:07] Kazehan Athena: mushi kage no jutsu
[25/02/2013 19:51:54] [ADM] PoWeR: poha
[25/02/2013 19:52:16] Alone: adm me da um iten de regenera chakra porfavor ta mt dificiu upa sem regem de chakra
[25/02/2013 19:52:20] Buterkill: ta dificil jogar :/
[25/02/2013 19:54:20] Buterkill: vai melhorar o lag nao/
[25/02/2013 19:55:00] Kageburame: saiu o lag XD
[25/02/2013 19:57:06] Kazehan Athena: AE ADM DA UM PERSONAGEN VIP PRA GERAL VAI
[25/02/2013 19:57:29] Buterkill: PORRAAAAAAA LAGGG!!!1
[25/02/2013 19:58:14] Fleender: que lvl e pvvp ?
[25/02/2013 19:58:22] Edo Tensei: 100
[25/02/2013 19:58:49] Kazehan Athena: ADM MANU BOTA PREMIUM ACCOUNT FREE TA FODS EU N POSSO NEM BUFFA O SHANARO VEIO
[25/02/2013 20:01:40] Kazehan Athena: agora s
[25/02/2013 20:02:17] Socaralho: adm..vc pode falara pra galera..q to querendo fazer uma team pra ir deidara e nidaime?
[25/02/2013 20:04:36] Setimo Hokage: esse jogo é lag assim ?
[25/02/2013 20:05:06] Buterkill: acabei de fazeer quest do pain '-'
[25/02/2013 20:05:06] Alone: eu vo so puxa
[25/02/2013 20:05:24] Kazehan Athena: eu so sakura se quizer tamo ae
[25/02/2013 20:05:44] Socaralho: eu vooo
[25/02/2013 20:05:58] Setimo Hokage: Porra é lag assim sempre ?
[25/02/2013 20:06:20] Edo Tensei: ALGUEM SABE FILMAR?
[25/02/2013 20:06:48] Alone: simples baxa o fraps
[25/02/2013 20:07:06] Kazehan Athena: vala n so chunin oO
[25/02/2013 20:07:32] Buterkill: acho que meu dano bugou adm! eu tava hitando 90k com magia agora to hitando 38k
[25/02/2013 20:08:31] Hawker: kkkkkkkkkkkk' . 
[25/02/2013 20:08:58] Setimo Hokage: que porra de LAG é essa ????????????????????????????????????????????????????????????
[25/02/2013 20:10:58] Buterkill: ADM PORRA MEU DANO BUGOU MANO
[25/02/2013 20:11:00] Hawker: lag ta tenso
[25/02/2013 20:11:09] Socaralho: pois eh '-'
[25/02/2013 20:11:14] Fleender: ngm arena lol
[25/02/2013 20:12:03] Buterkill: ADM AUSENTE TOMA NO CU --'
[25/02/2013 20:13:02] Hawker: xvideos ta rolando solto heim --'
[25/02/2013 20:13:10] Buterkill: sim
[25/02/2013 20:13:27] Kazehan Athena: ADM SE VC ESTIVER FAZENDO AUGUAM COISA NA NET Q NIGEM SABE OQUE E PF PARE TA DANDO LAGG
[25/02/2013 20:15:18] Kazehan Athena: oia ae o doido e vip oO
[25/02/2013 20:15:27] Buterkill: morri --' pro lag
[25/02/2013 20:16:46] Socaralho: adm...arruma esse exame chunin..pr fvr...tira o examinador..assim eh ruim de fazer o exame
[25/02/2013 20:17:57] Socaralho: addmmm...respónde aeewwwwwww
[25/02/2013 20:17:59] Buterkill: aff ta dando pra jogar nao cara
[25/02/2013 20:18:15] Patrick: gogo geral arena =p
[25/02/2013 20:19:03] Buterkill: PORRA ADM VAI TOMA NO CU PARA DE BATE PUNHETA E ARRUMA ESSE LAG CARALHO
[25/02/2013 20:19:21] Namikaze: so ta lag ai
[25/02/2013 20:19:40] Hawker: nao e nao
[25/02/2013 20:20:07] Socaralho: laaaaaaaaaaaaaaaaaaaaaaaaaaaaaaag
[25/02/2013 20:20:07] Sweart: NOOOOOOOOB OT
[25/02/2013 20:20:28] Buterkill: é só lag aqui? pc bom e internet de 10 megas --' e tem coragem de dizer q eh lag aqui?
[25/02/2013 20:21:08] Patrick: so 10 megas aqui e 25 mega ^^
[26/02/2013 06:53:02] Uchiha Itachi: adm on?
[26/02/2013 07:41:37] Patrick: adm tamos pres
[26/02/2013 07:43:42] The nome: adm to preso aki me ajudaa
[26/02/2013 07:43:59] Patrick: ajuda ADM =p
[26/02/2013 07:44:17] Uchiha Itachi: adm punhetero
[26/02/2013 07:47:00] The nome: Admmm me ajudaaa
[26/02/2013 07:47:09] Patrick: adm ajuda o the nome ta preso
[26/02/2013 07:49:10] The nome: admmmm me ajuda kawaiii
[26/02/2013 07:49:17] Uchiha Itachi: ASHDUAHSDIUASD
[26/02/2013 07:50:17] Uchiha Itachi: deicha o adm terminar a punheta dele pow
[26/02/2013 07:50:25] The nome: to preso
[26/02/2013 07:56:06] Daniell: adm ta ae faiz evento valendo org vip
[26/02/2013 07:57:00] Uchiha Itachi: ok
[26/02/2013 07:57:03] The nome: admmm to preso kawaii
[26/02/2013 08:10:17] The nome: adm socorrrrrro
[26/02/2013 08:13:00] The nome: admmmm to preso kawaio
[26/02/2013 08:14:14] Uchiha Itachi: ADMMMMM PUNHETEROO
[26/02/2013 08:14:18] The nome: socorrrrro
[26/02/2013 08:15:16] Uchiha Itachi: ADMM AJUDA O CARA SEU PUNHETEROO
[26/02/2013 08:18:07] The nome: [ADM] PoWeR me ajuda kawaii
[26/02/2013 08:26:36] Daniel Bang: adm faiz eventoooooo
[26/02/2013 08:32:21] Daniel Bang: alguem ae?
[26/02/2013 08:40:13] The nome: algum adm ai
[26/02/2013 08:40:39] Saku Ion: god
[26/02/2013 08:49:15] The nome: adm socorrrro
[26/02/2013 08:52:33] Saku Ion: nome
[26/02/2013 09:00:42] Back: como bota vip
[26/02/2013 09:58:36] Kages: qual e a melhor voc free ?
[26/02/2013 10:10:27] The nome: adm to preso
[26/02/2013 10:13:48] The nome: admmm to preso
[26/02/2013 10:22:42] The nome: adm on??
[26/02/2013 14:10:33] Kisame: afz vai toma no cu q lagg da pohaaaaaaa
[26/02/2013 14:45:16] Shout: adm, pq kankuro só tem magia até o lvl 150 ? e as outras ?
[26/02/2013 14:50:45] Healer Hoshigaki: DAVI TA AI?????
[26/02/2013 14:54:42] Healer Hoshigaki: DAVI OLHA O HELP CARA
[26/02/2013 14:56:35] Healer Hoshigaki: Q LV PVP???? // Q LV COMBO DO KISAME // QUAL O COMBO D KISAME '-'
[26/02/2013 14:58:22] Lock: lvl baxo fasendo tantas perguntas lool
[26/02/2013 14:58:51] Healer Hoshigaki: JOGO 5 OTS DIFERENTES,,, E LV 300, 700 E TS..... '-'
[26/02/2013 15:02:13] Healer Hoshigaki: Q LV PVP???? // Q LV COMBO DO KISAME // QUAL O COMBO D KISAME //
[26/02/2013 15:05:00] Itachi: algum adm on ?
[26/02/2013 15:06:25] Hitler: adm tira o premmium do jutsu  souryuu kyuuheki  da tenten
[27/02/2013 13:56:21] Fuckyou: ADM
[27/02/2013 13:59:16] Rikudou'sennin: adm como pega vip ??
[27/02/2013 14:00:37] Rikudou'sennin: tem como me mandar o site ?
[27/02/2013 14:00:38] Socaralho: adm.o trap do kakashi eh vip?
[27/02/2013 14:02:15] Socaralho: admmmmmmm me respoondeee...trap do kakashi eh vip?
[27/02/2013 14:04:30] Takumo leo: ei adm mais deveria ter pain mano serio msm --'
[27/02/2013 14:04:31] Rikudou'sennin: admm me passa o site
[27/02/2013 14:06:36] Takumo leo: aff adm olha o q tem site > Exp: 2000x > Drop: 20x > Magic: 500x ------------ > Novas Vocações  > Kisame > Nagato > Minato > Obito [EMBREVE] -------------  Site: http://ntoshinobilife.blogspot.com.br
[27/02/2013 14:07:01] Socaralho: qual o pvp? lvl?
[27/02/2013 14:08:05] Takumo leo: to vendo nada de xp alta assim e ml viu
[27/02/2013 14:08:27] Rikudou'sennin: mais ta sim
[27/02/2013 14:09:21] Takumo leo: 2000 xp e 500x ml n e assim lento n
[27/02/2013 14:09:52] Rikudou'sennin: aki ta fast
[27/02/2013 14:12:28] Socaralho: adm..precisa de um tutor?
[27/02/2013 14:12:35] Nunees: como assim por estage ?
[27/02/2013 14:13:33] Socaralho: nuneess~~>estage eh assim...lvl 1 eh 2000x  lvl 50 1900  lvl 100 1800  lvl 150 1700...e assim por diante..entende?
[27/02/2013 14:14:15] Nunees: ata
[27/02/2013 14:14:26] Takumo leo: e man mais aqui ele botou xp 2000 so no config lua nos rates n ta 2000 por isso n ta igual sabe pq se tivesse 2000 era rapido pra caralho
[27/02/2013 14:14:54] Madara Akat: pq quando vo cria madara
[27/02/2013 14:15:00] Socaralho: takumo..ele acabo de dizer q eh stages..e c for mt alta mata um beezer e upa lvl 200...eh isso q vc qr °
[27/02/2013 14:15:49] Takumo leo: mais so to brigando pq ele botou 2000xp no otservlist se bote a xp certa carai --'
[27/02/2013 14:16:30] Kisame Rapper: adorei a xp , e o ot tbm.. só podia arrumar as spells do kisame , pq tem até kirin "_"
[27/02/2013 14:17:42] Takumo leo: o ot ta bom so tava querendo flar q tava errado la ta ligado --'
[27/02/2013 14:17:53] [ADM] PoWeR: ta
[27/02/2013 14:17:53] Kisame Akat: n ta xp 2000 nem fudendo ,,,,
[27/02/2013 14:17:54] [ADM] PoWeR: ok
[27/02/2013 14:17:55] [ADM] PoWeR: man
[27/02/2013 14:17:56] Kisame: como q faz madara ?
[27/02/2013 14:18:09] Socaralho: kisame~~>madara eh vip '-'
[27/02/2013 14:18:21] Kisame Rapper: man a xp nao ta 2k mesmo , todos sabem , más ta otimo assim vei.
[27/02/2013 14:18:22] [ADM] PoWeR: <stage minlevel="1" maxlevel="80" multiplier="1500"/> 		<stage minlevel="81" maxlevel="100" multiplier="1500"/> 		<stage minlevel="101" maxlevel="150" multiplier="1500"/> 		<stage minlevel="151" maxlevel="250" multiplier="1450"/> 		<stage minlevel="251" m
[27/02/2013 14:18:26] [ADM] PoWeR: OLHA AE CARALHO
[27/02/2013 14:18:28] [ADM] PoWeR: OLHA CARALHO
[27/02/2013 14:18:32] [ADM] PoWeR: OLHA O CARALHO AI POHA
[27/02/2013 14:18:50] Takumo leo: entao vc n ativo stages sabe kkk
[27/02/2013 14:19:20] Socaralho: takumo~~>para de enxe o saco man..'-' c n ta feliz para de joga..vc eh o unico q n gosto '-'
[27/02/2013 14:19:26] Kisame Akat: entao só ta mostrando se fosse de xp stage  ia começa no 2k se ia mata um bess ia pro lvl 200  dai se matava otro ia da 10 lvl pq a xp stage ia cair rapido
[27/02/2013 14:19:55] Kisame Rapper: mano os mlk qer saber mais que o adm .. , más adm não adianta só arrumar o stage , tem qe arruma o rates tbm ^^
[27/02/2013 14:20:25] Kisame: minato e nagato tmb é vip ?
[27/02/2013 14:20:31] Takumo leo: entao isso q to falando caralho eu to so dizendo q ta erradooooooo entende socaralho ta bom ot mais so to flano q ta errado porra --'
[27/02/2013 14:21:04] Kisame Rapper: mano o ot é otimo xp ótima , más tipo se ele quise-se colocar 2k mesmo , o stage ta certo só o rates , qe deve tar poco :@@@@@@
[27/02/2013 14:21:33] Takumo leo: entao isso q to flano mais sao lerdo --'
[27/02/2013 14:21:36] Socaralho: takumo..cala bookaaa e joga pow.'-'...para de implica..ta de boa de upa man '-'
[27/02/2013 14:22:24] Sannin: tem que paga pra ser madara?
[27/02/2013 14:22:34] Takumo leo: sssssssssssssssssssssssssssssssssssssssssssssssssssssssssssssssssssssssssssssss
[27/02/2013 14:23:22] [ADM] PoWeR: n
[27/02/2013 14:23:22] [ADM] PoWeR: tem
[27/02/2013 14:23:23] [ADM] PoWeR: madara
[27/02/2013 14:23:24] [ADM] PoWeR: '-'
[27/02/2013 14:23:26] [ADM] PoWeR: vo tirar
[27/02/2013 14:23:26] [ADM] PoWeR: ele
[27/02/2013 14:23:37] Kisame: e minato .. nagato?
[27/02/2013 14:23:40] Takumo leo: --' o pai td errado kkkkkkkkkkk
[27/02/2013 14:23:41] [ADM] PoWeR: esses
[27/02/2013 14:23:42] [ADM] PoWeR: tem
[27/02/2013 14:23:43] Socaralho: ALGUEM AI TA AFIM DE OR NIDAIME?
[27/02/2013 14:23:52] [ADM] PoWeR: o cara que ir nidaime level
[27/02/2013 14:23:54] [ADM] PoWeR: 300
[27/02/2013 14:23:56] [ADM] PoWeR: one hit
[27/02/2013 14:24:01] Sannin: tira minato e dx madara '-' 
[27/02/2013 14:24:39] [ADM] PoWeR: n
[27/02/2013 14:24:49] Kisame Rapper: ELA FALA QE GOSTA DO 12 E QUE AMA O 57 MAS NA SUITE DE BARÃO MEU IRMÃO PEDIU LANCHINHO DO MAC (8
[27/02/2013 14:24:53] Takumo leo: kk se vc fosse minato ou kakuzo ou pain ate daria pra matar
[27/02/2013 14:25:00] Socaralho: adm..vc precisa de um tutor? ou pra ser tutor precisa fazer teste?
[27/02/2013 14:26:11] Kisame Rapper: ELA FALA QE GOSTA DO 12 E QUE AMA O 57 MAS NA SUITE DE BARÃO MEU IRMÃO PEDIU LANCHINHO DO MAC (8
[27/02/2013 14:26:22] Rikudou'sennin: adm da pm aki qro falar sobre os donate
[27/02/2013 14:26:24] Takumo leo: acho q precisa esperar e mereçer kkk eu ja sei  q n vou ser tutor pq esse povo e mto irritado kk ( para socaralho)
[27/02/2013 14:27:25] Takumo leo: kkk vai kk adm ta serio U.u
[27/02/2013 14:27:59] [ADM] PoWeR: /u
[27/02/2013 14:28:05] Socaralho: o adm eh serio '-'
[27/02/2013 14:28:09] [CM] Styller: iae
[27/02/2013 14:28:11] [CM] Styller: duvidas
[27/02/2013 14:28:13] [CM] Styller: podem falar
[27/02/2013 14:28:18] Open gates: é 24h?
[27/02/2013 14:28:27] [CM] Styller: ainda n mas o donate esta sendo feito
[27/02/2013 14:28:34] Rikudou'sennin: como eu corfirmo um set full  ?? eu n tenho skype
[27/02/2013 14:28:35] [CM] Styller: pra podermos pagar um bom dedicado
[27/02/2013 14:28:47] [CM] Styller: por aki mesmo
[27/02/2013 14:28:49] Takumo leo: cria man
[27/02/2013 14:28:52] [CM] Styller: so falar ki o adm responde
[27/02/2013 14:29:29] Open gates: upa rapidao?
[27/02/2013 14:29:33] [CM] Styller: sim
[27/02/2013 14:29:34] [CM] Styller: e como
[27/02/2013 14:29:39] [CM] Styller: ^^  hihihi
[27/02/2013 14:30:29] Rikudou'sennin: o drop é facil ?
[27/02/2013 14:30:45] Kisamee: o nagato ta vip ainda ?
[27/02/2013 14:30:47] Minato: ¬¬
[27/02/2013 14:31:11] Open gates: fica off cedo? ou tarde? 
[27/02/2013 14:31:15] Kisame: nossa qnt adm q tem ja
[27/02/2013 14:31:18] [CM] Styller: o drop ta mais ou menos
[27/02/2013 14:31:25] [CM] Styller: o minato é vip
[27/02/2013 14:31:27] [CM] Styller: tem ki comprar
[27/02/2013 14:31:36] [CM] Styller: depende do pc do adm
[27/02/2013 14:31:49] Shikamaru: adm pq Kageyose no Jutsu  e pra 1400?
[27/02/2013 14:31:52] Kisamee: mais to falando o nagato
[27/02/2013 14:31:52] [CM] Styller: so eu e o adm power
[27/02/2013 14:32:07] [CM] Styller: nagato tbm pe vip
[27/02/2013 14:32:26] [CM] Styller: shikamaru - kageyose esta sendo arrumado
[27/02/2013 14:32:52] Shikamaru: ok. Eu queria ser minato mais e pra vip xD
[27/02/2013 14:32:57] Kisamee: o obito vai ser vip ?
[27/02/2013 14:33:04] Kisame Rapper: levei notation , porque eu floodei ): , quantos notatios e ban? e quantos ban é delet?
[27/02/2013 14:33:13] Rikudou'sennin: vo saite tem votaçao pra obito ser free
[27/02/2013 14:33:22] [CM] Styller: kisamee - olha mano praticamente no site tem uma votaçao pra ser free
[27/02/2013 14:33:47] [CM] Styller: kisame rapper - deependendo do flood é 10 notation
[27/02/2013 14:34:14] [CM] Styller: glrse geral ker obito free, vao no site e votem http://ntoshinobilife.blogspot.com.br/
[27/02/2013 14:34:15] Shikamaru: Eu ja criei 5 server e fui adm de 3 power xD
[27/02/2013 14:34:17] Kisamee: o obito vai ser lançado hj a noite ?
[27/02/2013 14:34:41] [CM] Styller: kisamee - o obito vai ser lançado hj a noite sim
[27/02/2013 14:34:47] [CM] Styller: e so o adm ter vontade de colocar
[27/02/2013 14:34:50] [CM] Styller: ele ja ta pronto
[27/02/2013 14:35:24] Kisamee: o adm ta on ?
[27/02/2013 14:35:39] Open gates: lee ta com poder de sasuke 
[27/02/2013 14:35:45] Kisame: ADM o Obito vai ser pra free néE?
[27/02/2013 14:35:50] Kisame Akat: sss
[27/02/2013 14:36:03] [CM] Styller: kisamee - adm ta on sim
[27/02/2013 14:36:06] Leader Akatsuki: ADM Pq Não Da Pra Fazer NAGATO?
[27/02/2013 14:36:15] [CM] Styller: kisame - obito vai ser free
[27/02/2013 14:36:21] Socaralho: leader...nagato eh premium
[27/02/2013 14:36:25] Pikachu: Adm pode me dar item? *-*
[27/02/2013 14:36:29] [CM] Styller: leader akatsuki- anagato é vip
[27/02/2013 14:36:31] Kisamee: fala para ele coloca ja pq o obito ja ta ganhano
[27/02/2013 14:36:32] [CM] Styller: tem ki comprar
[27/02/2013 14:36:42] Rikudou'sennin: qnto é o minato ??
[27/02/2013 14:36:44] Ownzin: ae obito vai se free
[27/02/2013 14:36:45] Kisame: UHULL obito free ai sim em ;D
[27/02/2013 14:36:55] Bugo minha transf: ADM OU CM OU GM , MINHA TRANSFORMAÇÃO BUGO 250 do meu kisame , ta dando debug quando eu entro agora ): perdi meu cahrrr
[27/02/2013 14:36:55] [CM] Styller: glr o donate esta sendo feito
[27/02/2013 14:37:24] Socaralho: cm..qual lvl do top?
[27/02/2013 14:37:34] [CM] Styller: bugo minha transform c baixou o client?
[27/02/2013 14:37:44] [CM] Styller: n sei to sem tempo pra olhar
[27/02/2013 14:37:48] [CM] Styller: o lvl do top
[27/02/2013 14:37:56] Pikachu: que lag em..
[27/02/2013 14:38:00] Bugo minha transf: não , aond baxa o client , manda o link ae
[27/02/2013 14:38:09] Mr Platina: aq o obito vai ser pra vip?
[27/02/2013 14:38:09] [CM] Styller: link do client e sito do ot http://ntoshinobilife.blogspot.com.br/
[27/02/2013 14:38:17] Leader Akatsuki: Como Compro VIP? Passa o Link Do CLIENT.
[27/02/2013 14:38:17] [CM] Styller: ja faleeei obito freee
[27/02/2013 14:38:27] [CM] Styller: o donate ta sendo feito
[27/02/2013 14:38:31] Shikamaru: ho
[27/02/2013 14:38:38] [CM] Styller: vcs so vao poder comprar ou doar kuando tuver prontoo
[27/02/2013 14:38:49] Kisame Akat: puta a  jya n quer nascer ta bugada
[27/02/2013 14:38:50] Fuckyou: http://ntoblack-com-br.webnode.com/
[27/02/2013 14:39:15] Kisamee: o ot é 24 horas ?
[27/02/2013 14:39:24] [CM] Styller: sem divulgar site pf
[27/02/2013 14:39:31] [CM] Styller: ainda n
[27/02/2013 14:39:36] [CM] Styller: pq o dedicado ainda n foi pago
[27/02/2013 14:39:49] Sub mil: e para free o obito quando for lançado hoje?
[27/02/2013 14:39:51] Kisame Akat: styller akilo n é site é o disinvolvedor do client :X
[27/02/2013 14:39:57] Ownzin: ae cm tem lugar de tutor ainda na staff
[27/02/2013 14:40:11] Leader Akatsuki: o SIte n entra aki
[27/02/2013 14:40:19] [CM] Styller: obito free hj a noite
[27/02/2013 14:40:32] [CM] Styller: o site n tem nem o nome do client
[27/02/2013 14:40:58] [CM] Styller: kem divulgar o site de outro ot mais uma vez vai ser notation
[27/02/2013 14:40:58] Ownzin: ae cm tem lugar de tutor ainda na staff
[27/02/2013 14:41:10] [CM] Styller: as vagas tao cheias
[27/02/2013 14:41:48] Socaralho: charge
[27/02/2013 14:41:50] [CM] Styller: glr adm acabou de terminar o donate
[27/02/2013 14:42:00] [CM] Styller: pf doem par ajudar a pagar um dedicado
[27/02/2013 14:42:11] [CM] Styller: e tbm pra comprar chars vip
[27/02/2013 14:42:39] [CM] Styller: como minato, nagato e kakuzu
[27/02/2013 14:42:45] Kisamee: big regeneration!jutsu
[27/02/2013 14:42:48] [CM] Styller: ki oi adm esta arrumando
[27/02/2013 14:42:50] Ownzin: quanto e minato?
[27/02/2013 14:43:06] [CM] Styller: glr noticia boa
[27/02/2013 14:43:09] Pikachu: adm pode me dar uma orochimaru tunic? D;
[27/02/2013 14:43:19] Leader Akatsuki: quando vai sai o OBITO?
[27/02/2013 14:43:26] [CM] Styller: obito sai hj a noite
[27/02/2013 14:43:32] Kisame Rapper: TEM QUANTAS VOCAÇÕES AQUI?
[27/02/2013 14:43:44] Sub mil: e muita emoçao
[27/02/2013 14:43:48] Kisamee: fala a notisia ai cm
[27/02/2013 14:44:02] [CM] Styller: 17
[27/02/2013 14:44:05] [CM] Styller: vocaçoes
[27/02/2013 14:44:16] Ownzin: fala a noticia boa
[27/02/2013 14:44:36] [CM] Styller: obito vai sair hj a noite
[27/02/2013 14:44:40] [CM] Styller: free
[27/02/2013 14:44:48] Kisame Rapper: fala todas porfavor? qe são free , e as que são vip tbm.
[27/02/2013 14:44:50] Lottus: qual combo de lee lvl 250+?
[27/02/2013 14:45:32] Nazk: vai geral criar obito kkkkk
[27/02/2013 14:46:14] Leader Akatsuki: Alguem Pode Me Dar Um Legs Que Heala Chakra?
[27/02/2013 14:46:39] [CM] Styller: vip: Minato, Kakuzu(Sendo preparado), nagato
[27/02/2013 14:47:13] Kisame: Nao vai ter Madara?
[27/02/2013 14:48:17] [CM] Styller: madara é vip tbm
[27/02/2013 14:48:22] [CM] Styller: eskeci dele ^^ kk
[27/02/2013 14:48:28] [CM] Styller: eu acho ki vai ser vip
[27/02/2013 14:48:29] Open gates: adm falo que vai tira ele
[27/02/2013 14:49:08] [CM] Styller: e vai msm
[27/02/2013 14:49:17] Kisame: q pena ;s
[27/02/2013 14:49:19] [CM] Styller: o adm decidiu tirar madara
[27/02/2013 14:49:28] [CM] Styller: e obito so tem 5 transforms
[27/02/2013 14:49:43] Leader Akatsuki: alguem pode me ajudar? tem um cara tentnaod me mata aki em west desert
[27/02/2013 14:49:43] Rikudou'sennin: mais tem ele com akela maskara branca ?
[27/02/2013 14:49:45] Kisame Akat: só? kisame tem 2 skopaopskskop
[27/02/2013 14:50:10] [CM] Styller: tem a transform de mascara branca
[27/02/2013 14:50:32] Kisamee: cm
[27/02/2013 14:50:32] Kisame: tem akela da mascara branca com a cabaça nas costas né?
[27/02/2013 14:50:41] [CM] Styller: ad ta com uma preguiça do kct
[27/02/2013 14:50:45] [CM] Styller: adm*
[27/02/2013 14:50:52] [CM] Styller: se duvidar nem lança obito
[27/02/2013 14:51:00] [CM] Styller: sim
[27/02/2013 14:51:05] Ownzin: ae tem algum kakashi com lvl 250+
[27/02/2013 14:58:40] Minato: duvidas helo
[27/02/2013 17:25:09] Tobi: adm pq se mexeu na xp
[27/02/2013 17:27:29] [ADM] PoWeR: ta a mesma
[27/02/2013 17:31:05] Tobi: ainda vai mexe no tobi né?
[27/02/2013 17:31:39] [CM] Styller: claro
[27/02/2013 17:33:18] Tobi: poe amaterasu no tobi..
[27/02/2013 17:33:45] [ADM] PoWeR: ele n usa
[27/02/2013 17:34:47] Tobi: idai mano ... ele n usa mt jutsu no anime ele aparece pocas vezes ... vai espera a guerra continua pra  bota as spell nele?... e bota invocaçao nele gedo mazou
[27/02/2013 17:35:50] Tobi: minato n usa rasenshuriken e ele tem ...
[27/02/2013 17:36:07] [CM] Styller: flash rasengan
[27/02/2013 17:36:30] [ADM] PoWeR: boa
[27/02/2013 17:44:11] Tobi: kamui manda pro otro mundo?
[27/02/2013 17:44:26] [ADM] PoWeR: ainda n estou
[27/02/2013 17:44:27] [ADM] PoWeR: arrumando
[27/02/2013 17:47:39] Tobi: pq n da pra reverter
[27/02/2013 17:48:56] [ADM] PoWeR: bosui no jin 
[27/02/2013 17:52:03] Tobi: adm me puxa quest da samehada
[27/02/2013 17:52:52] [ADM] PoWeR: n
[27/02/2013 17:53:30] Tobi: eu n sei onde é pow
[27/02/2013 17:55:46] Tobi: combinho do obito ta zika foi
[27/02/2013 17:56:27] [ADM] PoWeR: qual 
[27/02/2013 18:02:26] Tobi: tem classe q paraliza?
[27/02/2013 18:03:08] [ADM] PoWeR: eu
[27/02/2013 18:03:10] [ADM] PoWeR: vo por
[27/02/2013 18:03:12] [ADM] PoWeR: paralyze
[27/02/2013 18:03:13] [ADM] PoWeR: fica tranq
[27/02/2013 18:05:13] Tobi: o power  quando se vai paga dedicat q ta tenso uns momento de lag aki
[27/02/2013 18:05:27] [ADM] PoWeR: vo
[27/02/2013 18:05:28] [ADM] PoWeR: por
[27/02/2013 18:05:29] [ADM] PoWeR: dedicado
[27/02/2013 18:05:33] [ADM] PoWeR: quando alguma alma
[27/02/2013 18:05:33] [ADM] PoWeR: boa
[27/02/2013 18:05:34] [ADM] PoWeR: doar
[27/02/2013 18:06:00] No Pain No Gain: que lag fila da puta merda em adm
[27/02/2013 18:06:12] [ADM] PoWeR: poha
[27/02/2013 18:06:12] [ADM] PoWeR: ajuda
[27/02/2013 18:06:15] [ADM] PoWeR: pagar um dedicado
[27/02/2013 20:14:34] Socaralho: xp abaxo?
[27/02/2013 20:19:02] Obito Uchiha: eae.. obito é bao ?
[27/02/2013 20:26:22] Laxus: adm on?
[27/02/2013 20:36:09] The Nerdzingo: ta lag ai?
[27/02/2013 20:38:37] The Nerdzingo: lag?
[28/02/2013 12:45:13] Edo Tensie: eae adm
[28/02/2013 12:45:16] Naruto Bolado: faiz evento ?
[28/02/2013 12:45:20] Kisamezin: evento
[28/02/2013 12:47:47] Naruto Bolado: lagg
[28/02/2013 12:48:02] Itachi: LEEEGG
[28/02/2013 12:48:23] Kisamezin: LAGG
[28/02/2013 12:49:13] Edo Tensie: HAHAHAHAHA
[28/02/2013 12:49:37] Naruto Bolado: caraca obito e bom :D
[28/02/2013 12:50:42] Naruto Bolado: vcs tao que lvl
[28/02/2013 12:51:21] Kisamezin: <
[28/02/2013 12:51:22] Edo Tensie: eu era madara antes do reset era top kk
[28/02/2013 12:53:04] Naruto Bolado: aonde
[28/02/2013 12:53:36] Edo Tensie: aki nesse serve
[28/02/2013 12:53:55] Kisamezin: hum
[28/02/2013 12:56:36] Edo Tensie: adm pq se falo que obito e ruim lvl 300? to level 300 e nao e ruim nao
[28/02/2013 12:57:57] Kisamezin: LOLLLLLLLL TRANSFORMAÇAO DO KISAME E O SASUKE
[28/02/2013 12:58:20] Blood Rikudou: Baixa o client seu lixo
[28/02/2013 12:59:06] Popps: adm on ?
[28/02/2013 12:59:18] Kisamezin: clitne Blood?
[28/02/2013 12:59:39] Blood Rikudou: do site ntoshinobilife.blogspot.com
[28/02/2013 13:03:31] Kisamezin: adm tira meu pz aew
[28/02/2013 13:05:14] Blood Rikudou: obito
[28/02/2013 13:08:22] Stanley do Nto: tem algum adm aew eu preciso mostra um negócio
[28/02/2013 13:11:46] Bob Singer: a ktuubi n solta nenhum spell n?
[28/02/2013 13:12:09] Feiozinho: porque não da para compra itens
[28/02/2013 13:13:09] Popps: eu tenho .. tem algum adm on ?
[28/02/2013 13:13:16] Blood Rikudou: Tem ss
[28/02/2013 13:13:21] Blood Rikudou: So deixar recado 
[28/02/2013 13:13:24] Blood Rikudou: Que passo para ele
[28/02/2013 13:14:15] Popps: fala q meu itachi ta dando debug qdo logo ele
[28/02/2013 13:14:40] Blood Rikudou: Ele pergunto
[28/02/2013 13:14:40] Blood Rikudou: qual
[28/02/2013 13:14:41] Blood Rikudou: nick
[28/02/2013 13:16:28] Feiozinho: quero compra chakra armor mas não da 
[28/02/2013 13:16:53] Kisamezin: Blood aonde fica zetsu?
[28/02/2013 13:17:05] Blood Rikudou: vixi man fica la pros
[28/02/2013 13:17:09] Blood Rikudou: pra suna
[28/02/2013 13:17:32] Feiozinho: quero compra chakra armor mas não da me Blood Rikudou  me ajuda
[28/02/2013 13:17:43] Blood Rikudou: Feiozinho
[28/02/2013 13:17:43] Blood Rikudou: cade
[28/02/2013 13:17:44] Blood Rikudou: voce? 
[28/02/2013 13:18:36] Feiozinho: to aqui em Koji
[28/02/2013 13:19:32] Blood Rikudou: velho
[28/02/2013 13:19:34] Blood Rikudou: ELE
[28/02/2013 13:19:34] Blood Rikudou: n
[28/02/2013 13:19:35] Blood Rikudou: vende
[28/02/2013 13:19:38] Blood Rikudou: item
[28/02/2013 13:19:41] Blood Rikudou: ele compra de vc
[28/02/2013 13:19:52] Feiozinho: pq tem bu ?
[28/02/2013 13:21:14] Kisamezin: q lol ta foda pra upar
[28/02/2013 13:29:20] Lucky: ADM OON?
[28/02/2013 13:29:25] Kisamezin: n
[28/02/2013 13:30:03] Blood Rikudou: Kisamezin > Você nao sabe de nada
[28/02/2013 13:30:09] Blood Rikudou: Lucky > ADM onn sim ^^
[28/02/2013 13:34:01] Naruto-xd: como mudo minha oufty para a do naruto 
[28/02/2013 13:34:03] Tick zika: naruto tem combo funcionando?
[28/02/2013 13:34:46] Edo Naruto: s
[28/02/2013 13:36:39] Naruto-xd: como mudo minha oufty para a do naruto?
[28/02/2013 13:38:05] Nunees: algum adm pode me dizer pq nao to no rank ?
[28/02/2013 13:38:57] Edo Naruto: chora
[28/02/2013 13:40:04] Blood Rikudou: ?
[28/02/2013 13:42:03] Sasuke-xd: como mudo a outfit
[28/02/2013 13:42:27] Nunees: nuss, q q aconteceu com o itachi ? ta orrivel 
[28/02/2013 13:42:39] Blood Rikudou: Nunnes so vc que e lixo man
[28/02/2013 13:49:04] Arlokem: to bugado to sem magia
[28/02/2013 13:49:06] Nunees: to sem magia '-'
[28/02/2013 13:49:06] Nyuu: minhas magias bugaram
[28/02/2013 13:49:12] Obito Uchiha: bugo as magiaa
[28/02/2013 13:49:40] Potter: minhas magias sumiram oq eu faço?
[28/02/2013 13:50:29] Obito Uchiha: afs ae po qq Obito é esse ? n tem nem amaterasu nem susano nem nda D:
[28/02/2013 13:50:45] Blood Rikudou: Obito nunca teve nada disso
[28/02/2013 13:50:57] Tick zika: nao mesmo, obito é kamui igual kakashi
[28/02/2013 13:51:01] Nyuu: isso é vdd tu nun leu o manga?
[28/02/2013 13:51:01] Arlokem: o madara aki é vip?
[28/02/2013 13:51:10] Potter: obito e bom e a respeito da smagias terem sumido ja voltou mas convem verificar ai adm 
[28/02/2013 13:51:23] Blood Rikudou: VELHO
[28/02/2013 13:51:25] Blood Rikudou: adm ja falo
[28/02/2013 13:51:27] Blood Rikudou: que obito
[28/02/2013 13:51:30] Blood Rikudou: ainda vai
[28/02/2013 13:51:31] Blood Rikudou: ser
[28/02/2013 13:51:33] Blood Rikudou: editado
[28/02/2013 13:52:21] Potter: nao eu nao estou reclamando dele nao ele é bom ta bom assim '---' eu pelo menos gostei dele tanto q sou um '---' mas ocorreu aki comigo das magias sumirem do !jutsu. só isso
[28/02/2013 13:52:32] Itachi: tem loteria no server ?
[28/02/2013 13:52:34] Tick zika: LOL FOI O OT INTEIRO QUASE PRA ME MATA KKKKKKKKKKKKKKKKKK
[28/02/2013 13:52:42] Arlokem: qual melhor vocation free aki
[28/02/2013 13:53:05] Obito Uchiha: kisame ?
[28/02/2013 13:54:26] Arlokem: quem ai quer ir na quest do nidaime armor?
[28/02/2013 13:54:34] Obito Uchiha: eu
[28/02/2013 13:57:12] Nyuu: onde compra bp?
[28/02/2013 13:57:38] Itachi: ADM TEM SISTEMA DE LOTERRY ?
[28/02/2013 13:57:58] [ADM] PoWeR: s
[28/02/2013 13:59:09] Nyuu: como vai pra covil da akatsuke mesmo?
[28/02/2013 13:59:18] Itachi: DE QUANTO A QUANTAS HORAS TEM ?
[28/02/2013 13:59:19] Nunees: adm, me muda pra obito ?
[28/02/2013 13:59:36] Arlokem: qual melhor vocation free?
[28/02/2013 14:01:11] Obito Uchiha: qnd o Obito vai fika pronto .. kero dizer as magia e talz
[28/02/2013 14:01:50] [ADM] PoWeR: olha
[28/02/2013 14:01:50] [ADM] PoWeR: sonha
[28/02/2013 14:01:53] [ADM] PoWeR: pq obito
[28/02/2013 14:01:54] [ADM] PoWeR: n vai ser
[28/02/2013 14:01:56] [ADM] PoWeR: vocação
[28/02/2013 14:01:57] Itachi: QUANTO EH O TEMPO DE CADA LOTERIA ?
[28/02/2013 14:01:58] [ADM] PoWeR: PVP
[28/02/2013 14:02:03] [ADM] PoWeR: vai
[28/02/2013 14:02:03] [ADM] PoWeR: ser
[28/02/2013 14:02:04] [ADM] PoWeR: BLOKER
[28/02/2013 14:02:16] Obito Uchiha: D:
[28/02/2013 14:03:37] Obito Uchiha: intao nem compensa upa Obito ?
[28/02/2013 14:04:22] Nyuu: adm como vai pra akat covil?
[28/02/2013 14:04:42] Obito Makyou: adm agr me tira daqui quero upar em outro lugar agr me coloca pra fora de konoha por favor
[28/02/2013 14:07:01] Itachi: ADM QUANTO EH O TEMPO DE CADA LOTERIA ?
[28/02/2013 14:07:49] Allod: adm o kankuro aki vira sasori? tipo poderia por pra ele sumonar mais de 1 marionete ?
[28/02/2013 14:10:07] Nyuu: adm vai ter org aki?
[28/02/2013 14:10:43] Allod: adm n ta sabendo nem onde ele ta kkkk zueira ow adm kankuro vira sasori na ultima transf?
[28/02/2013 14:10:53] Obito Uchiha: quem é + forte, Kisame ou Obito ?
[28/02/2013 14:10:56] Tick zika: LOL KANKURO VIRA SASORI?
[28/02/2013 14:12:56] Potter: esse povo ki so ataca de turma ta parecendo CORINTHIANO MANO SOZINHO NAO VALE NADA adm aumenta o hit da kyuubi rs
[28/02/2013 14:15:35] Nyuu: vai falçar mal de corinthiano mesmo cara? perdeu amor ao char? nb...
[28/02/2013 14:17:34] Potter: kkkkkk a mano sabe como corinthiano é né ai ta me ameçando só podia ser corinthiano mesmo
[28/02/2013 14:20:04] Kazehan Perseu: COMO ARRANJA MINATO?
[28/02/2013 14:21:53] Master: o adm minha conta ta no evento mas nao entra na minha da erro
[28/02/2013 14:22:12] Nyuu: qual o top lvl daki?
[28/02/2013 14:23:39] Rikudou'sennin: ei
[28/02/2013 14:25:59] Naruto Uzumaki: pzz
[28/02/2013 14:26:38] Nyuu: lag
[28/02/2013 14:31:38] Nyuu: lag aff
[28/02/2013 14:32:53] Demo: porra meu sv fika travando
[28/02/2013 14:34:53] Nyuu: tem quest timo nidame armor aki?
[28/02/2013 14:36:35] Nyuu: adm o pk ta muito longo nen matei ninguem e ele nun quer sair. diminue o tempo ai
[28/02/2013 14:37:00] Kisame: EVENTO das bandera tadechadoo
[28/02/2013 14:37:06] Blood Rikudou: seu cu
[28/02/2013 14:38:05] Kisame: ;D
[28/02/2013 14:39:53] Kisame: manda os kra tira os clone --'
[28/02/2013 14:42:56] Nyuu: olha essas travadas fdo man aff
[28/02/2013 14:43:37] Space Man: adm ajeita as travada quase morri
[28/02/2013 14:44:48] Nyuu: como faz exame chunin cara? onde pega a pora das misoes?
[28/02/2013 14:45:27] Space Man: nyuu faz anbu melhor
[28/02/2013 19:31:54] Lucca: ADM
[28/02/2013 19:39:01] Minato Namikaze: KD O GOD Power
[28/02/2013 19:42:47] Uchiha Itachi: como viro vip
[28/02/2013 19:42:52] Mano Zika: meus itens sumiu :(
[28/02/2013 19:43:39] Minato Namikaze: Tae Power
[28/02/2013 19:43:49] Uchiha Itachi: aaaaaaaaaaaaaaahhhhhhhhhh kd meus itens?
[28/02/2013 19:44:09] Mano Zika: affs meus itens tudo sumiu arruma isso po
[28/02/2013 19:48:02] Uchiha Itachi: aff meus itens aaa kd adm
[28/02/2013 20:05:10] Obito Rinnegan: AAahh como vai pra baixo tipo no jump??
[28/02/2013 20:12:15] Uchiha Itachi: kump
[28/02/2013 20:17:01] Uchiha Itachi: ei alguem poderia me dar um lugar onde posso pegar level 300?
[28/02/2013 20:25:02] Naruto Uzumaki: ADM TO preso UHSAUAS
[28/02/2013 20:28:32] Space Man: aehaueha
[28/02/2013 20:32:30] Obito Makyou: nossa obito nem ta bom kamui n kita muito ADM arruma ele por favor
[28/02/2013 20:35:05] Uchiha Itachi: vai
[28/02/2013 20:41:40] Obito Makyou: ae adm arrumo a quest do chunin
[28/02/2013 20:46:26] Naruto itachi: adm on ??
[28/02/2013 20:46:49] Namikaze: s
[28/02/2013 20:50:04] Obito Makyou: como da promove na guild?
[28/02/2013 20:50:33] Minato: helton entra chat da guild
[28/02/2013 20:51:35] Sirius: QUEM E O ADM DESSE OT??
[28/02/2013 20:59:59] Prevest: como q promove alguem pra vice lead?
[28/02/2013 21:09:30] Thoots: ALGUM ADM OU ALGO PRA ME AJUDAR AKI TO PRESO
[28/02/2013 21:09:58] Prevest: adm como da promove pra virar vice-leader
[28/02/2013 21:10:59] Prevest: adm como da promove pra virar vice-leader
[28/02/2013 21:11:20] Luucky: ADMM EU RTO PRESO NO EVENTO AKI
[28/02/2013 21:12:22] Luucky: ADMM EU ESTAVA NO EVENTO HJ MAIS CEDO DA I CAIU O SERVER EU VOLTEII AKI E TO PRESOOOOOOO
[28/02/2013 21:14:28] Prevest: ADM COMO PROMOVE ALGUEM PRA VICE-LEADER
[28/02/2013 21:14:58] Obito Rinnegan: ADM ta aee???
[28/02/2013 21:16:46] Thoots: affz, adm to preso denovo "/
[28/02/2013 21:16:54] Obito Rinnegan: kk'
[28/02/2013 21:17:07] Rikudou'sennin: krl naruto ta dnao uito exausted =/
[28/02/2013 21:19:06] Rikudou'sennin: aaaaaaah deu leg leg leg leg leg leg leg leg leg leeeeeg
[28/02/2013 21:20:37] Luucky: ADDMM VOLTEI AKI NA QUEST TRAVADO 
[28/02/2013 21:21:03] Prevest: hi
[28/02/2013 21:21:06] Rikudou'sennin: q porraaa arruma esse lag krl
[28/02/2013 21:25:37] Uzumaki Naruto: como vira vip
[28/02/2013 21:26:51] [CM] Styller: pagando
[28/02/2013 21:27:14] Uzumaki Naruto: aff eu sei , mas assim como faço onde pago
[28/02/2013 21:27:31] Obito Rinnegan: Aaaaaaaaaaaaaaaaaah lagLagLagLag
[28/02/2013 21:27:32] Minotorau: adm 
[28/02/2013 21:27:58] Rikudou'sennin: cm tira esse exausted do biju rasengan
[28/02/2013 21:30:20] Minotorau: adm conserta as transformasao dos chares eu viro um dragao
[28/02/2013 21:33:22] Obito Rinnegan: Ae ADM tem como por o Minato Vip por 1 dia???
[28/02/2013 21:35:07] Minotorau: por adm conserta as transformaçao ot ta mo zuando assim se o ot tiver tudo sertinho pq eu nao vo duar ne quando tiver tudo serto serteza qui vo duar
[28/02/2013 21:37:43] Prevest: alguem ai sabe como da vice leard?
[28/02/2013 21:39:36] System: aa pq
[28/02/2013 21:40:05] Eliton: affe esse server sio fica of por isso n douo
[28/02/2013 21:40:28] [CM] Styller: e por isso
[28/02/2013 21:40:29] [CM] Styller: que ele n fica
[28/02/2013 21:40:30] [CM] Styller: onn
[28/02/2013 21:40:32] [CM] Styller: vc n doa
[28/02/2013 21:40:56] System: fexa ele mais tarde
[28/02/2013 21:41:37] Prevest: GENTE N PRECISA DO SERVER NO DEDICADO PRA FICAR 24HORA ONLINE
[28/02/2013 21:41:51] [CM] Styller: VLW
[28/02/2013 21:41:53] [CM] Styller: galera
[28/02/2013 21:41:53] [CM] Styller: adm
[28/02/2013 21:41:54] [CM] Styller: vai
[28/02/2013 21:41:55] [CM] Styller: fechar
[28/02/2013 21:41:56] [CM] Styller: =D
[28/02/2013 21:42:02] [CM] Styller: mais 
[28/02/2013 21:42:03] [CM] Styller: eu
[28/02/2013 21:42:04] [CM] Styller: falo
[28/02/2013 21:42:05] [CM] Styller: pra vcs
[28/02/2013 21:42:06] [CM] Styller: que daqui
[28/02/2013 21:42:07] [CM] Styller: a uns
[28/02/2013 21:42:09] [CM] Styller: 2 dias
[28/02/2013 21:42:10] [CM] Styller: ta com hos
[28/02/2013 21:42:12] [CM] Styller: host
[01/03/2013 12:51:53] The nerdzinho: alguem min ajuda pf
[01/03/2013 12:53:46] Eliton: qual level eu posso comessar a atacar as pessoas ?
[01/03/2013 12:55:27] The nerdzinho: adm ta on?
[01/03/2013 12:58:35] The nerdzinho: veii alguem ajuda pf
[01/03/2013 12:59:49] Eliiton: afeeeeee so de eu entrar no meu kisame tomo debug pq ?
[01/03/2013 13:06:44] Obito Uchiha: Tobi foi melhorado ?
[01/03/2013 13:12:45] Eliton: Qual lvl que da pra comessar a atacar as pessoas
[01/03/2013 13:13:35] Blood Rikudou: Thiaggo me puxa
[01/03/2013 13:14:01] Eh'nois: ow blood
[01/03/2013 13:50:48] Paradoxo: aleluia
[01/03/2013 14:27:14] Eliton: me ajuda Staff to tomando Debugg
[01/03/2013 14:35:05] Prevest: onde pego haku coat
[01/03/2013 14:39:51] Allod: adm libera o kankauro pra poder sumonar mais de 2 marionetes e aumenta um pokinho meu hit '---'
[01/03/2013 14:41:49] The Walking Dead: Katon Dragon Furie No Hutsu
[01/03/2013 14:56:34] Allod: adm ta aae?
[01/03/2013 15:00:09] Allod: aki ta debug adm
[01/03/2013 15:02:55] Iluminado: adm ajuda eu aki puxa eu eu buguei aki no treine
[01/03/2013 15:04:30] Iluminado: aii desbugou XD
[01/03/2013 15:12:36] Prevest: ?cara
[01/03/2013 15:26:58] Eliton: ADM fala /goto Eliton quero falar com vc
[01/03/2013 15:28:32] Allod: adm on ?
[01/03/2013 15:29:10] Lord Ziin: algum adm ai
[01/03/2013 15:30:25] Lord Ziin: alguem da staff ai?
[01/03/2013 15:31:17] Lairok: adm ai?
[01/03/2013 15:31:28] Lord Ziin: ngm responde :/
[01/03/2013 15:37:24] Namikaze: ou
[01/03/2013 15:39:13] Eliton: ADM se eu donatar comov c vai saber que o dinheiro e o meuq eu chogo na sauc onta ?
[01/03/2013 15:47:44] Naruto Rapper: qual combo de naruto , alguem sabe?
[01/03/2013 15:50:49] Zika memu: adm e minato e madara nao da pra fazer?
[01/03/2013 15:53:00] Iluminado: 15:52 Loot of a trainer: meat, a carrot.
[01/03/2013 15:53:20] Zika memu: alguem me ajuda?
[01/03/2013 15:56:11] Iluminado: em que pode fala
[01/03/2013 15:57:01] Zika memu: qual e o melhor free?
[01/03/2013 15:57:54] Naruto Rapper: qual combo do narutoo???
[01/03/2013 16:00:18] Zika memu: adm devia por 1 sete melhorzin pra começa
[01/03/2013 16:02:28] Naruto Rapper: aff qe paia naruto nem tem combo
[01/03/2013 16:04:47] Iluminado: afffz lag 
[01/03/2013 16:32:08] Obito: arruma o obito
[01/03/2013 16:33:16] Eros Uchiha: Os clones do naruto são vip?
[01/03/2013 16:33:39] Nome: Adm se lembra sou eu The nome eu era um nagato :D
[01/03/2013 16:34:44] Iluminado: afffffffffffz 
[01/03/2013 16:34:56] Obito: vou para de jogar pq nao arruma obito nao coloka nagato free eu ia doar mais age nem vou mais agr vou para de jogar
[01/03/2013 16:35:09] Predy: e quando seria esse update?
[01/03/2013 16:35:49] Iluminado: reseta nao 
[01/03/2013 16:38:24] Alencar: Adm , Parabéns esse ot ficou muito bom!
[01/03/2013 16:38:59] [ADM] PoWeR: Obrigado
[01/03/2013 16:39:00] [ADM] PoWeR: primeiro
[01/03/2013 16:39:02] [ADM] PoWeR: elogio
[01/03/2013 16:39:03] [ADM] PoWeR: que
[01/03/2013 16:39:03] [ADM] PoWeR: ouso
[01/03/2013 16:39:25] Alencar: Lol o povo entao n sabe abrir o help
[02/03/2013 13:50:10] Lairok: adm ta ai?
[02/03/2013 13:51:22] Luucky: AEW HELTON SO EU LUCKY ME PUXA AEW
[02/03/2013 13:52:56] Luucky: TRANSFORMAR
[02/03/2013 13:53:26] Sir zikadabalada: ALGUM ADM?
[02/03/2013 13:55:44] Luucky: ADM O TORNADO AI NO JAPAO TA FORTE
[02/03/2013 13:56:24] [ADM] PoWeR: n
[02/03/2013 14:44:05] Gaah Campos: ei como cria madara?
[02/03/2013 15:09:28] Gaah Campos: tsukyomi
[02/03/2013 15:09:28] Night Island: edo tensei
[02/03/2013 15:09:29] Last Hokage: fuumetsu sharingan
[02/03/2013 15:09:42] Black: magenkyou susano
[02/03/2013 15:09:45] [ADM] PoWeR: poha
[02/03/2013 15:09:48] [ADM] PoWeR: essa foi foda
[02/03/2013 15:09:49] [ADM] PoWeR: RACHEI
[02/03/2013 15:09:53] [ADM] PoWeR: kkkkkkkkkkkkkkkkkkk
[02/03/2013 15:09:53] Eu Amo Helton: kkkk
[02/03/2013 15:09:55] [ADM] PoWeR: susano '1
[02/03/2013 15:09:56] [ADM] PoWeR: kk
[02/03/2013 15:10:05] Tobi: eae adm i'm back :)
[02/03/2013 15:10:57] Eskarlatty: iai men
[02/03/2013 15:11:32] Last Hokage: ajuda
[02/03/2013 20:49:37] Socaralho: adm posso falar cm vc rapidao?
[03/03/2013 17:13:27] Tobi: power ta ae?
[03/03/2013 17:19:02] Nicole: oq aconteçeu
[03/03/2013 18:03:35] Lider akatsuki: algum adm on
[03/03/2013 18:05:52] Lider akatsuki: adm
[03/03/2013 18:07:03] Lider akatsuki: adm ta ai
[03/03/2013 18:11:46] Naruto Fuck: FALA
[03/03/2013 18:11:47] Naruto Fuck: ??
[03/03/2013 18:30:49] Pipo: alguem ai
[03/03/2013 18:32:18] Pipo: alguem pra ajuda ai ?
[03/03/2013 18:36:22] Naruto Fuck: South Island
[03/03/2013 18:36:26] Naruto Fuck: fala
[03/03/2013 18:36:57] Naruto Fuck: ?
[03/03/2013 18:39:52] Pipo: como pegi minato essas coisas
[03/03/2013 18:52:13] Naruto Fuck: comprando
[03/03/2013 18:52:16] Naruto Fuck: 15 reias
[03/03/2013 19:07:11] Sabota: qual é a xp desse serve atualmente
[03/03/2013 19:09:02] Naruto Fuck: alta
[03/03/2013 19:09:33] Sabota: mais vc n sabe a quantidade exata
[03/03/2013 19:11:06] Sabota: vkaton no jutsu 
[03/03/2013 19:14:36] Bee Metamorfose: Alguem da staff onn ?
[03/03/2013 19:14:53] Master lord: adm on ai
[03/03/2013 19:20:21] Sabota: e
[03/03/2013 19:20:29] Skrilex: \o/
[03/03/2013 19:21:34] Sabota: vai bota quanto agr
[03/03/2013 19:22:40] Sabota: ta quanto agr ?
[03/03/2013 19:23:02] Naruto Fuck: sei la mais mairo
[03/03/2013 19:24:53] Bee Metamorfose: KKKKKKKKKKKKKKKK Achei hunt vip olha meu level matei 1 Protetor kkk
[03/03/2013 19:25:05] Naruto Fuck: ¬¬
[03/03/2013 19:25:20] Naruto Fuck: ban
[03/03/2013 19:26:01] Skrilex: em naruto
[03/03/2013 19:27:24] Allon: pq bee nao tem double lariat ?
[03/03/2013 19:27:37] Bee Metamorfose: ele tem lariat
[03/03/2013 19:28:11] Naruto Fuck: s
[03/03/2013 19:28:16] Lord das trevas: adm on
[03/03/2013 19:29:07] Denizin: como assim arrumado ?
[03/03/2013 19:29:12] Sabota: pro xp aumenta eu tenho q reloga ou nem ?
[27/06/2013 13:53:44] Mauzin: alguem ai adm tutor?
[27/06/2013 14:03:15] Mauzin: adm
[27/06/2013 14:18:01] Mauzin: kkkkkkkkkkkkkkkkkkkk andei sem querer
[27/06/2013 14:49:58] Mauzin: cade vc adm?
[27/06/2013 17:19:30] Minato: ADM QUERO FALAR COM VC URGENTE
[27/06/2013 17:20:33] Minato: ADM TOU PRESO AKI NA TORRE SOCORRO
[27/06/2013 17:27:03] Tredfg: ak tem attack vip
[27/06/2013 18:47:21] Minato: adm on?
[27/06/2013 19:49:32] Mauzin: god tai?
[27/06/2013 19:51:54] Vinnh: me da item?
[27/06/2013 21:13:21] Minato: ADM EU PEGUEI 400 cade o premio dos 400?
[27/06/2013 21:55:45] Killer Trovam: adm quem ta anunciando o sv?
[28/06/2013 08:35:28] Thyler: ae algem on aee??
[28/06/2013 13:46:56] Joseph: aff os iten que eu tava na bag sumiu pq?
[28/06/2013 13:55:47] Itachi Uchiha: ADM 
[28/06/2013 14:00:02] Itachi Uchiha: ADM quero falar com vc
[28/06/2013 15:06:20] Itachi Uchiha: ADM ONLINE?
[28/06/2013 15:41:18] Itachi Uchiha: ADM QUERO FALAR COM VC
[28/06/2013 16:28:36] Flash Sennin: GM , eu n consigo subi o buraaco dos bandits , ajuda , isso ta bugadoo ..plixxxx
[28/06/2013 16:28:48] Ahazus styllus: Adm gosei sem kere ajuda
[28/06/2013 16:51:46] Flash Sennin: f
[28/06/2013 16:51:59] Ahazus styllus: Joao cirilo
[28/06/2013 18:58:38] Itachi Uchiha: ADM DEU ROUBACK EM MIM
[28/06/2013 19:10:18] Itachi Uchiha: adm rouback denovo
[28/06/2013 20:35:12] Mauzin: adm
[28/06/2013 20:46:21] Kyuubi Flash: AAAAAAAAAAAAAAADDDDDDDDDDDDDDDDDMMMMMMMMMMMMMMMMm
[28/06/2013 21:37:20] Kyuubi Flash: ADM FAz evento as 22:00
[28/06/2013 23:23:53] New Criler: ql site desse jogo?
[29/06/2013 13:31:19] Minato Uchiha: ADM TOU PK
[29/06/2013 14:05:19] Minato Namikaze: jester
[29/06/2013 14:05:52] Minato Uchiha: JESTEEEER
[29/06/2013 14:12:08] Minato Namikaze: jesterr
[29/06/2013 14:12:20] Minato Uchiha: JESTER DEU ROUBACK DENOVO
[29/06/2013 15:25:49] Mauzin: oi
[29/06/2013 15:25:59] Jester: so isso que muda a cor do nome no help
[29/06/2013 15:31:43] Mauzin: oi
[29/06/2013 15:31:53] Jester: ta certo
[29/06/2013 16:33:40] Minato Uchiha: NAO DA
[30/06/2013 14:02:29] Teste C: JESTER
[30/06/2013 14:41:09] Teste Susano: Ta ocupado ,..... ajeitando as vocaçoes.
[30/06/2013 15:22:31] Minato Uchiha: Mauzin
[30/06/2013 15:47:50] Nagato sama: deidara e sasori.
[30/06/2013 15:47:52] Jiraya: rock lee
[30/06/2013 15:49:06] Jiraya: orochimaro
[30/06/2013 15:49:24] Shikut: orochimaru
[30/06/2013 15:49:32] Nagato sama: tobi
[30/06/2013 15:50:27] Shikut: tobi
[30/06/2013 15:50:54] Mauzin: eu falei primeiro
[30/06/2013 15:51:22] Minato Uchiha: respota no chat
[30/06/2013 15:51:27] Minato Uchiha: nao no global
[30/06/2013 15:51:53] Nagato sama: Ok.s
[30/06/2013 15:53:31] Jiraya: mianto uchiha
[30/06/2013 15:53:56] Nagato sama: os 6 pain
[30/06/2013 15:54:03] Minato Uchiha: Pain Rikuddou com seus  6 Caminhos
[30/06/2013 15:55:22] Minato Uchiha: 16
[30/06/2013 15:55:24] Minato Uchiha: 15
[30/06/2013 15:55:26] Jiraya: 16
[30/06/2013 15:55:28] Minato Uchiha: 14
[30/06/2013 15:55:30] Minato Uchiha: 13
[30/06/2013 15:55:30] Minato Uchiha: 12
[30/06/2013 15:55:32] Minato Uchiha: 11
[30/06/2013 15:55:34] Minato Uchiha: 10
[30/06/2013 15:55:37] Minato Uchiha: 9
[30/06/2013 15:55:37] Minato Uchiha: 8
[30/06/2013 15:55:38] Mauzin: mais
[30/06/2013 15:55:39] Minato Uchiha: 7
[30/06/2013 15:55:41] Natsusk: 13/05
[30/06/2013 15:57:39] Mauzin: puta
[30/06/2013 17:05:57] Randori: aff buegi
[30/06/2013 17:08:16] Randori: socorroo to preso no vento assasin
[30/06/2013 17:13:03] Minato Uchiha: ainda ta presso?
[30/06/2013 17:15:22] Randori: ae time madara so do time madara
[30/06/2013 17:20:45] Jiraya: so da r
[30/06/2013 17:21:10] Minato Uchiha: sou do time do madara
[30/06/2013 17:22:42] Mauzin: cade os nego quero mata
[30/06/2013 17:31:17] Randori: time madara vaivai
[30/06/2013 17:36:34] Kisame: Juugo Karin Suigetsu e Sasuke
[30/06/2013 17:37:37] Kisame: tobi Zetsu Kakuzu Hidan Deidara Sasorri pain e konan
[30/06/2013 17:37:50] Ruanpk: kisame sasuke itach zatsu deidara hidan sasori paine  konan
[30/06/2013 17:38:10] Randori: kisame sasuke itach zatsu deidara hidan sasori paine  konan tobi
[30/06/2013 17:38:36] Nagato sama: minato
[30/06/2013 17:38:42] Kisame: Minato Yondaime
[30/06/2013 17:38:47] Madara Akatsuki: minato
[30/06/2013 17:38:55] Ruanpk: eu falei primeiro
[30/06/2013 17:39:26] Natsusk: so vo v
[30/06/2013 17:39:56] Ruanpk: Mauzin e Ruanpk
[30/06/2013 17:39:58] Randori: mauzin
[30/06/2013 17:40:05] Madara Akatsuki: ruanpk
[30/06/2013 17:40:46] Kisame: Sasuke
[30/06/2013 17:41:03] Randori: sasuke e tobi
[30/06/2013 17:41:23] Minato Uchiha: por enquanto kisame ganhando
[30/06/2013 17:42:54] Randori: pai.n
[30/06/2013 17:42:56] Ruanpk: obito
[30/06/2013 17:43:00] Madara Akatsuki: obito
[30/06/2013 17:43:17] Jester: nagato
[30/06/2013 17:43:36] Jester: mauz
[30/06/2013 17:43:41] Jester: vo fica queto
[30/06/2013 17:44:03] Madara Akatsuki: kuuybi
[30/06/2013 17:44:16] Randori: obito
[30/06/2013 17:44:57] Jester: quantas pergunta ja foi?
[30/06/2013 17:45:02] Bielzinhoow: kuybi
[30/06/2013 17:45:40] Minato Uchiha: 6
[30/06/2013 17:45:43] Minato Uchiha: falta 4
[30/06/2013 17:46:19] Killer Z: Rock Lee
[30/06/2013 17:46:22] Madara Akatsuki: rock lee
[30/06/2013 17:46:28] Randori: gay sensei 
[30/06/2013 17:46:52] Jester: uhesuhesuesu segura o cara ja chega chegando 
[30/06/2013 17:47:22] Killer Z: Shikamaru
[30/06/2013 17:47:27] Madara Akatsuki: shikamaru
[30/06/2013 17:47:33] Jester: essa é pegadinha
[30/06/2013 17:47:44] Bielzinhoow: Chikamaro
[30/06/2013 17:47:47] Jester: hiddan é imortal
[30/06/2013 17:47:48] Jester: '-'
[30/06/2013 17:47:59] Jester: ele derrotou mas nao matou
[30/06/2013 17:47:59] Minato Uchiha: mais quem derrotou o hidan e o shikamaru
[30/06/2013 17:48:35] Killer Z: EU KILLER BEE
[30/06/2013 17:48:36] Randori: killer bee
[30/06/2013 17:48:43] Ruanpk: o bonde  do pain
[30/06/2013 17:49:36] Madara Akatsuki: pain eo 5
[30/06/2013 17:49:42] Killer Z: Pain Rikkudou e seus 6 Caminhos
[30/06/2013 17:50:21] Minato Uchiha: /agora sobre o serve
[30/06/2013 17:51:16] Ruanpk: ele e o mINATO
[30/06/2013 17:51:39] Bielzinhoow: zuera isso , eu tinha falado Pain primeiro
[30/06/2013 17:51:41] Randori: jester ve o ip da lokk
[30/06/2013 17:53:43] Madara Akatsuki: v
[30/06/2013 17:55:20] Ruanpk: eu quero ir
[30/06/2013 18:14:23] Supreme: ad, dexa eu participa nesse char pq nele n posso usa sense pq eu n tneho lvl pra usa pff
[30/06/2013 19:14:53] Jiraya: cala sua boca minato quer se achar so pq e tutor vem resolver so eu e vc sei coisa eu nao presciso ficar chamando ninguem nao aki ea familia do 15 porra 
[30/06/2013 19:36:52] Jiraya: https://www.facebook.com/ShinobiAdventureBrasil?skip_nax_wizard=true
[30/06/2013 20:23:57] Bielzinhoow: Jester , kd meu nagato q te pedi ?
[30/06/2013 20:28:58] Losfods: hi
[30/06/2013 20:38:14] Jiraya: jester
[30/06/2013 20:39:43] Jiraya: NESTER
[30/06/2013 20:44:56] Zuero: como eu faço jyraia  madara e obito w e esses perçonagens desse estilo
[30/06/2013 20:45:33] Lion: Tou bugado , adm me ajuda aki.....
[30/06/2013 20:47:01] Jiraya: JESTER
[30/06/2013 20:47:36] Tobi: como eu faço os perssonagens de evento
[30/06/2013 20:47:55] Lion: naum sei
[30/06/2013 20:47:58] Zinfrid: jester ta ae?
[30/06/2013 20:48:53] Bielzinhoow: Tem muito FILHO DA PUTA por ai , só fui ajudar o npc ali e me matam , se fudde ¬¬
[30/06/2013 20:49:10] Lion: Biel , sem isso aqui , e sem caps.
[30/06/2013 20:49:26] Losfods: eu ganhei do evento
[30/06/2013 20:52:02] Bielzinhoow: z 
[30/06/2013 20:52:40] Jiraya: jester ta ai
[30/06/2013 20:52:45] Lion: Biel , sem commnets no help.
[30/06/2013 20:53:08] Madara Uchiha: me mata
[30/06/2013 20:55:34] Jiraya: jester kd vc
[30/06/2013 20:56:24] Lion: Madara , espera eu chegar lvl 300 q eu te mato ^^
[30/06/2013 21:08:22] Ruanpk: adm 
[30/06/2013 21:14:48] Lion: !jail
[30/06/2013 21:15:39] Ruanpk: ADM
[30/06/2013 21:20:28] Lion: minat = foda ^^
[30/06/2013 21:20:44] Ruanpk: !jail
[30/06/2013 21:21:37] Lion: nn da aki :/
[30/06/2013 21:22:22] Ruanpk: !ONLINE
[30/06/2013 21:22:47] Lion: só tem 7
[30/06/2013 21:41:55] Ruanpk: Jaaaaaaaasssssssttteeeeeeerrrrrr
[30/06/2013 22:01:31] Lion: vo começar a fazer a capa ^^
[30/06/2013 22:01:37] New Criler: Quem descobriu o Brasil?
[30/06/2013 22:01:44] Zuero: pedro alvares
[30/06/2013 22:02:54] Lion: vo
[30/06/2013 22:03:32] New Criler: Quem é a atual seleção melhor do mundo ? ( contando com o resultado de hoje ...)
[30/06/2013 22:03:39] Zuero: brasil
[30/06/2013 22:03:42] Lipk: espanha
[30/06/2013 22:03:57] Lion: China
[01/07/2013 10:49:42] Nagato: Aonde eu upo ?
[01/07/2013 10:53:47] Madara Uchiha: Em zetsu
[01/07/2013 11:55:17] Layla: ;S Obgd
[01/07/2013 14:35:38] Losfods: qual e a pergunta
[01/07/2013 14:36:06] Jiraya: itachi
[01/07/2013 14:36:11] Ruanpk: Jiraya
[01/07/2013 14:36:24] Itachi: sou eu 
[01/07/2013 14:36:36] Nagato: Minato ^^
[01/07/2013 14:37:19] The Ninja: '-
[01/07/2013 14:38:30] Jiraya: mauzin
[01/07/2013 14:38:31] Losfods: jester
[01/07/2013 14:38:32] Ruanpk: mauzin
[01/07/2013 14:38:35] Nagato: Madara Uchiha
[01/07/2013 14:38:45] The Ninja: ruanpk
[01/07/2013 14:40:29] Itachi: [
[01/07/2013 14:40:39] Nagato: Naruto , Sasuke Sakura , Naruto , Sasuke , Sai.
[01/07/2013 14:40:39] Ruanpk: ino coud e chikamaru
[01/07/2013 14:40:56] Losfods: choji shikamaru ino e sensei asuma
[01/07/2013 14:41:37] Itachi: shino kiba hinata - naruto sasuke sakura - naruto sakura sai
[01/07/2013 14:41:44] Nagato: Naruto , Sasuke Sakura , Naruto , Sasuke , Sai. Sensei Kakashi.
[01/07/2013 14:42:06] Ruanpk: Hinata tentemn e rock lee sensei G
[01/07/2013 14:42:37] The Ninja: 9
[01/07/2013 14:42:42] Itachi: 10
[01/07/2013 14:44:24] Minato Ninja: sei la rock lee
[01/07/2013 14:44:29] Itachi: sasuke
[01/07/2013 14:44:30] The Ninja: 'tobi
[01/07/2013 14:45:16] Losfods: adm
[01/07/2013 14:45:17] Nagato: Minato
[01/07/2013 14:45:26] Minato Ninja: mMADARA
[01/07/2013 14:45:31] Itachi: nagato
[01/07/2013 14:46:01] Ruanpk: Itachi
[01/07/2013 14:46:21] Nagato: Naruto
[01/07/2013 14:46:22] Maasdasxz lol: Itachi ou kakashi
[01/07/2013 14:46:31] Minato Ninja: naruto
[01/07/2013 14:46:41] Losfods: eu ja falei kakashi
[01/07/2013 14:47:13] The Ninja: pdc
[01/07/2013 14:47:37] Minato Ninja: faz otra
[01/07/2013 15:14:04] Nagato: quais as vocações ?
[01/07/2013 15:15:19] Madara Uchiha: Naruto Sasuke Lee Sakura Neji Shikamaru Hinata Gaara Tenten Itachi Killer Bee kakashi Kankuro e Kisame
[01/07/2013 15:17:49] Nagato: que vai ganhar no evento ¬¬
[02/07/2013 01:06:23] Jester: kuchioyse kyuubi no jutsu
[02/07/2013 12:29:07] Obiito: jiraya
[02/07/2013 12:29:14] Losfods: jiraya tsunade e orochimaru
[02/07/2013 12:30:09] Obiito: ruanpk
[02/07/2013 12:31:25] Losfods: ruanpk madara uchiha e mauzin
[02/07/2013 12:32:59] Obiito: ruanpk
[02/07/2013 12:33:01] Losfods: ruanpk
[02/07/2013 12:34:36] Losfods: uma arma
[02/07/2013 12:34:45] Obiito: kunai vip
[02/07/2013 12:35:44] Losfods: 5000g
[02/07/2013 12:36:24] Madara Uchiha: trade
[02/07/2013 12:56:39] Ruanpk: eae
[02/07/2013 13:07:21] Obiito: madara voce pode dar char vip ? ou é so em evento . tobi é mo ruiim '-
[02/07/2013 13:30:09] Obiito: madara
[02/07/2013 14:00:06] Losfods: eu porra
[02/07/2013 15:43:25] Lee Dos Paranaue: jester manja um nagato pra eu ?
[02/07/2013 17:06:38] Thoomaz Turbandis: eu
[02/07/2013 17:07:55] Sasuke: tem qual quest no jogo
[02/07/2013 17:08:11] Madara Uchiha: ADM
[02/07/2013 17:08:19] Madara Uchiha: se resetar vai devolver meu tutor e meu madara?
[02/07/2013 17:14:07] Jester: nao
[02/07/2013 17:14:15] Ruanpk: Jaster qp vai resetar,demroei muito pra chegar esse lvl  pra consegue itens pra consegui   vocaçoes pq vc vai reseta, aqui no orchiamru pra nos conversa sobre isso
[02/07/2013 17:14:45] Jester: eu irei resetar pra nao precisar ficar dando voc quando a pessoa chegar um certo lvl ele pega a voc que quiser
[02/07/2013 17:15:10] Madara Uchiha: Jester devolve meu tutor pelo menos
[02/07/2013 17:15:18] Ruanpk: eu so aceito si vc me por como tutor e me da a vocaçao do engato no começo ,pode ser?
[02/07/2013 17:16:04] Madara Uchiha: jester diminui o XP. Coloca vocaçoes de evento para quest. E devolve meu tutor. E quando resetar da 200 POTIONs pra todos. 
[02/07/2013 17:16:53] Ruanpk: eu so aceito si em de tutor se nao paor de joga
[02/07/2013 17:18:09] Ruanpk: e eu quero meu Negato
[02/07/2013 17:18:55] Jester: se eu resetar vai 0 geral ngm vai ganhar nada
[02/07/2013 17:19:09] Madara Uchiha: mais pode devolver meu tutor?
[02/07/2013 17:19:24] Madara Uchiha: te ajudei pakas pra ganhar ela. Pode pelo menos devolver ela?
[02/07/2013 17:19:45] Ruanpk: parei d ejoga
[02/07/2013 17:38:43] Zuero: alguem me ajuda a upar
[02/07/2013 17:41:57] Ruanpk: ADM POHHA VEM LOGO CARALHO
[02/07/2013 17:45:42] Madara Uchiha: RESPONDE
[02/07/2013 18:07:43] Zuero: a nao 
[02/07/2013 18:16:52] Zika uchiha: Jester  Madara Uchiha aki. Me da o Tutor devolta
[02/07/2013 18:18:23] Zika uchiha: ADM MADARA UCHIHA AKI ME DA TUTOR DEVOLTA
[02/07/2013 18:19:33] Zika uchiha: ADM MADARA UCHIHA AKI ME DA TUTOR DEVOLTA
[02/07/2013 18:40:17] Zicka uchiha: ADM SOU MADARA UCHIHA ME DA O TUTOR AE
[02/07/2013 18:42:02] Zicka uchiha: ADM MADARA UCHIHA AKI ME DA TUTOR DEVOLTA
[02/07/2013 18:44:46] Zicka uchiha: ADM MADARA UCHIHA AKI ME DA TUTOR DEVOLTA
[02/07/2013 18:51:15] Supreme: jester qwuero lfdar com vc
[02/07/2013 18:51:56] Zicka uchiha: JESTER QUERO ME UTUTOR DE VOLTA
[02/07/2013 18:55:29] Zicka uchiha: JESTEEEEEEEEEEEER QUERO MEU TUTOR DEVOLTA
[02/07/2013 18:59:33] Kankuro: jester me ajuda a upar
[02/07/2013 19:44:09] Ruan Pk: Jaster quero fala com vc
[02/07/2013 19:58:25] Jiraya: evento
[02/07/2013 19:58:32] Nagato: +++
[02/07/2013 19:59:47] Jiraya: jester fala pm cmg
[02/07/2013 20:00:45] Ruan Pk: Jester vou para de joga 
[02/07/2013 20:01:01] Jiraya: aiii
[02/07/2013 20:02:02] Jiraya: ow
[02/07/2013 20:03:03] Nagato: kdd ???
[02/07/2013 20:08:13] Jiraya: mais eu ja era 
[02/07/2013 20:50:20] Ruan Hatake: Jaster vem dp ai
[02/07/2013 21:24:30] Tobi: como faz a vocation quest?
[03/07/2013 14:13:43] Eyes: Jester ta ai ?
[03/07/2013 14:22:38] Ruan Hatake: lol ja vou compra meu Iodame tunic
[03/07/2013 14:45:05] Zicka uchiha: ADM Quero falar com vc
[03/07/2013 15:14:08] Zicka uchiha: ADM TA AE?
[03/07/2013 16:30:46] Eyes: jester pra vira tutor tem que ser 1000+ e ajudar ne ?
[03/07/2013 18:17:39] Ruan Hatake: Jaster chega ai
[03/07/2013 18:22:03] Eyes: vo trocar
[03/07/2013 19:08:07] Ruan Hatake: Jaster
[03/07/2013 19:11:47] Ruan Hatake: Jaster
[04/07/2013 12:52:01] Liun: ei to preso como sai do chaun
[04/07/2013 12:53:44] Liun: ???
[04/07/2013 13:42:33] Ruanpk: Jaster
[04/07/2013 13:48:53] Ruanpk: Jesterrrrrrrrrrrrrrrrrrrrrrr
[04/07/2013 13:58:44] Jiraya: jester sumiu minha grana ><
[04/07/2013 15:32:06] Feeling: jester ta i ?
[04/07/2013 15:52:17] Feeling: jester on ?
[04/07/2013 15:54:21] Feeling: Man Eyes aki . se pode me dar uma vocaçao ou nivel ? upar tudo d novo ´tenso
[04/07/2013 15:55:52] Feeling: Pf man :/ upar tudo de novo vai ser osso . da nivel ou vocaçao ?!
[04/07/2013 15:58:01] Feeling: pf man . da um madara ?
[04/07/2013 15:59:19] Feeling: é.. vlw ai ^^ .
[04/07/2013 16:01:07] Feeling: Vlw ai man . nem a culpa nossa . voce q reseta o sv dps nem ajuda . pelo menos n eu se deu madara e jiraya pros kra . mais vlw
[04/07/2013 16:11:26] Ruanhs: Jester chega ai  Zatsu
[04/07/2013 17:16:35] Melaozim: Como assim bugar?
[04/07/2013 17:31:22] Melaozim: Naruto Sasuke Sakura Lee Gaara Shikamaru Hinata Neji Tenten Killer bee kakashi Itachi Raikage Kankuro e Kisame
[04/07/2013 17:31:42] Lion: Naruto , Sasuke , Sakura , Raikage , Kisame , Lee , Bee , Tentei , Hinata , Neji Shikamaru , Itachi.
[04/07/2013 17:31:51] Jiraya: Naruto Sasuke Sakura Lee Gaara Shikamaru Hinata Neji Tenten Killer bee kakashi Itachi Raikage Kankuro e Kisame minato jiraya nagato madara
[04/07/2013 17:32:03] Ruanpk: mamashi.tenten rock lee,sasuke naruto minato madara raikage jiraya kankuro kisa itachi kileer beer neji hinata gaara shikamaru sakura
[04/07/2013 17:32:25] Melaozim: Naruto Sasuke Sakura Lee Gaara Shikamaru Hinata Neji Tenten Killer bee kakashi Itachi  Tobi Raikage Kankuro Kisame Madara Jiraya Nagato Minato
[04/07/2013 17:33:08] Ruanpk: Naruto Sasuke Sakura Lee Gaara Shikamaru Hinata Neji Tenten Killer bee kakashi Itachi  Tobi Raikage Kankuro Kisame Madara Jiraya Nagato Minato Obito
[04/07/2013 17:33:23] Jiraya: Naruto Sasuke Sakura Lee Gaara Shikamaru Hinata Neji Tenten Killer bee kakashi Itachi Raikage Kankuro e Kisame minato jiraya nagato madara obito 
[04/07/2013 17:33:30] Melaozim: naruto, a sasuke, a lee, a sakura, a gaara, a neji, a kiba, a Shikamaru, a hinata, a tenten, a itachi, a killer bee, a kakashi, a Kankuro, a Obito, a Kisame, Raikage, Nagato, Madara,Jiraya e Minato
[04/07/2013 17:33:47] Lion: Naruto Sasuke Sakura Lee Gaara Shikamaru Hinata Neji Tenten Killer bee kakashi Itachi  Tobi Raikage Kankuro Kisame Madara Jiraya Nagato Minato Hidan Kakuzu Pain Sasori
[04/07/2013 17:35:20] Melaozim: NO DO JIRAYA FALTOU KIBA
[04/07/2013 17:37:00] Melaozim: Zetsu Pain e Orochimaru
[04/07/2013 17:37:01] Jiraya: orochimaro
[04/07/2013 17:37:02] Lion: Kauzu
[04/07/2013 17:37:31] Ruanpk: Pain.
[04/07/2013 17:38:01] Melaozim: Zetsu 
[04/07/2013 17:39:28] Jiraya: anbu 
[04/07/2013 17:39:32] Lion: Jounin , Chounin , Gennin , Anbu
[04/07/2013 17:39:57] Ruanpk: Genin Shounin Junin jounin 2 Anbu
[04/07/2013 17:39:57] Melaozim: Gennin Chunin Jounin anbu
[04/07/2013 17:41:01] Melaozim: Tsunade Senju
[04/07/2013 17:41:12] Lion: Tsunade , Tobitama , Hashirama , Minato , Sarutobi
[04/07/2013 17:42:17] Melaozim: Obito uchiha
[04/07/2013 17:42:20] Lion: Tobito
[04/07/2013 17:42:22] Ruanpk: Toni
[04/07/2013 17:42:26] Jiraya: obito
[04/07/2013 17:43:19] Melaozim: Gay Sensei
[04/07/2013 17:43:24] Cauelogan: gay sensei
[04/07/2013 17:44:24] Cauelogan: para testa seu poder
[04/07/2013 17:44:26] Lion: Era uma missão do hokage
[04/07/2013 17:44:28] Melaozim: Por ordem do Senhor Hokage(Danzou)
[04/07/2013 17:46:24] Melaozim: E um ninja femenino.
[04/07/2013 17:48:46] Melaozim: Aconteceu nada."_"
[04/07/2013 17:48:55] Lion: Se destruio toda , e todos viraram eedo tensei do Kabuto,.
[04/07/2013 17:48:56] Jiraya: nada
[04/07/2013 17:49:17] Cauelogan: ele matou o kazekage
[04/07/2013 17:50:23] Melaozim: EWra a revolta de Obito por Kakashi ter matado a Rin.
[04/07/2013 17:50:39] Lion: Poruqe os da akarsuki qria tirar todos os jichuriks dos personagens , ai provocou ela....
[04/07/2013 17:51:41] Lion: Minato e kushima
[04/07/2013 17:51:54] Melaozim: Minato E Kushima Uzumaki
[04/07/2013 17:51:55] Cauelogan: toma no cu
[04/07/2013 17:52:02] Ruanpk: olha a boca
[04/07/2013 17:52:07] Deadmost: Minato Yondaime Kushima Uzumaki
[04/07/2013 17:52:08] Jiraya: Seu Sirço E Maria Quexuda kkkkkkk
[04/07/2013 17:52:42] Lion: Minato Namikaze e Kushima Uzumaki
[04/07/2013 17:53:01] Melaozim: Minato Namikaze e Kushima Uzumaki
[04/07/2013 17:53:23] Jiraya: Pais do fogo
[04/07/2013 17:53:45] Deadmost: Minato Namikaze E Kushina Uzumaki
[04/07/2013 17:54:01] Ruanpk: Konoha Gakkure .  Konoha. Vila da Folha
[04/07/2013 17:54:08] Melaozim: konoha Gakure
[04/07/2013 17:54:23] Jester: kushina nao kushima
[04/07/2013 17:54:35] Lion: Ganheeei ^^
[04/07/2013 17:54:52] Jiraya: kushina uzumaki e Minato Namikaze 
[04/07/2013 17:55:10] Melaozim: Eu tou 1 ponto na frente. 4 Meu 3 Lion 1 Ruan e 1 Deadmost
[04/07/2013 18:29:33] Lion: EEEEuuuuuu D++++ , até q eu queria ser tutpr :/
[04/07/2013 18:30:02] Melaozim: Eu gosto. Mais queria meu tutor devolta antes de ter resetado
[04/07/2013 18:30:53] Jester: \/
[04/07/2013 18:30:59] Lion: :/
[04/07/2013 18:32:00] Lion: a unica coisa desse server.... é q falta staff ++ dedicada !!
[04/07/2013 18:32:10] Jester: an?
[04/07/2013 18:32:34] Melaozim: Eu adoro o serve. So queria meu tutor devolta. Pq ajudei pakas no dia que todas as vocaçoes iam ser equilibradas. Jester pensa nisso pra mim
[04/07/2013 18:32:37] Killer Madara: meda meu madara jester pffff
[04/07/2013 18:33:01] Lion: Ela parece não ter GM's , tutores , e isso não torna um server ++ digno de ser.....
[04/07/2013 18:33:15] Deadmost: jester podia me dar pelo menos as armor d volta ?
[04/07/2013 18:33:44] Melaozim: Eu era o tutor antes de resetar. Quero ele devolta. Staff se pega pela presença e pela dedicaçao pelo serve. E nao pegar 1000 e ser tutor. Pensa nisso Jester.
[04/07/2013 18:35:17] Melaozim: Jester faz mais 1 Evento valendo itens
[04/07/2013 18:36:50] Lion: Jester......... Fassa uma equipe + digna , e o server ficará melhor.
[04/07/2013 18:36:51] Ruanpk: Top do Jogo U.u
[04/07/2013 18:51:22] Melaozim: Jester onde fica a respaw de Pain?
[04/07/2013 18:56:54] Jester: \/ de konoha
[04/07/2013 20:05:23] Deadmost: jester quando for fazer quest tem que te avisar ?
[06/07/2013 14:21:40] Raikage Senpai: jester ta ae?
[06/07/2013 14:23:41] Raikage Senpai: Jester ta ae?
[06/07/2013 14:34:40] Raikage Senpai: da a legs te chei
[06/07/2013 14:36:48] Raikage Senpai: JESTTTTTTTTTTTTEEEEEEEEEEEEEEEER
[07/07/2013 17:45:11] Kakashi Kill: jester
[07/07/2013 17:45:17] Nagato-uchiha: jester
[07/07/2013 17:45:31] Jester: bc green kakashi kill ganhou
[07/07/2013 17:47:35] Nagato Yonie: Wade Wilson
[07/07/2013 17:47:59] Jester: a
[07/07/2013 17:48:43] Nagato Yonie: pergaminho
[07/07/2013 17:49:32] Kakashi Kill: pokemon
[07/07/2013 17:49:52] Nagato-uchiha: pokemon ou naruto ou mario
[07/07/2013 17:50:06] Nagato Yonie: bull
[07/07/2013 17:50:32] Caio Claro: Pakkun
[07/07/2013 17:51:21] Nagato Yonie: eaw
[07/07/2013 17:52:03] Jester: /
[07/07/2013 17:52:04] Jester: a/a
[07/07/2013 17:52:29] Nagato-uchiha: pf cara
[07/07/2013 18:05:31] Nagato Yonie: tem algum vivo ainda ?
[07/07/2013 18:14:05] Kakashi Kill: pra
[07/07/2013 18:17:32] Kakashi Kill: sell  Jester o Unico Adm
[07/07/2013 19:24:00] Nagato Yonie: Jester depois que pega nivel 1000 tem nd pra fazer . pode fazer algo pra nivel 1000? tipo uns monstro forte q da algo . ou quest .
[07/07/2013 19:24:54] Jester: tem nao dps do lvl 1000 so matar os outros msm
[07/07/2013 19:25:15] Nagato Yonie: Fmz 
[07/07/2013 19:25:58] Jester: vo por pra 2k lvl max
[07/07/2013 19:26:26] Nagato Yonie: \ O / Eu Topo Em . 
[07/07/2013 19:30:33] Nagato Yonie: isso vai ser hoje ainda ? so pra saber . pq segunda nao logo 
[07/07/2013 19:43:53] Nagato Yonie: jester pode dar alguma quantidade d nivel pra eu ?
[07/07/2013 19:45:17] Jester: kpsaposkak
[07/07/2013 19:45:19] Jester: upa ae
[07/07/2013 19:45:47] Nagato Yonie: kkkkk vc deu pro killers . mais eu upo de boa
[07/07/2013 19:47:12] Jester: eu dei 200 ue
[07/07/2013 19:47:17] Jester: e ele eh temari .-.
[07/07/2013 19:47:20] Jester: temari merece level
[07/07/2013 19:47:55] Nagato Yonie: se me desse 50 nivel ja tava obm kkkk
[07/07/2013 19:52:29] Nagato Yonie: nem 10 nivelzinho jester ? hsuahsau
[07/07/2013 20:02:46] Nagato Yonie: jester ta de mau com noix ?
[07/07/2013 20:52:41] Nagato Yonie: jester ta ai ?
[07/07/2013 21:42:05] Nagato: Jester me teleporta pro dp to na quest do 500 pf
[07/07/2013 22:19:31] Deidara: pq 
[07/07/2013 22:24:04] Nagato Yonie: ql as vocaçao nova jester ?
[07/07/2013 22:31:24] Nagato Yonie: ta e jester ?
[07/07/2013 22:32:35] Nagato-uchiha: jester presiso falar com vc
[07/07/2013 23:08:24] Nagato Yonie: ta e jester ?
[08/07/2013 00:31:18] Nagato Yonie: kkkkk jester
[09/07/2013 23:08:38] Veichicoladrao: ADM AE ?
[27/03/2018 09:03:33] [ADM] Blue: oi '-'
[27/03/2018 10:16:29] [ADM] Blue: BOA TARDE.
[14/01/2020 13:45:01] Youtuber: oi
[14/01/2020 13:45:31] Youtuber: agora vai
[14/01/2020 13:45:31] Youtuber: será?
[21/01/2020 12:51:50] Youtuber: :)
[21/01/2020 12:51:59] Youtuber: Vai da bom
[21/01/2020 12:52:00] Youtuber: agora vai
[27/02/2020 13:09:42] Lejj: eae galera
[27/02/2020 13:25:07] Lejj: xDDDD
[28/02/2020 14:39:44] Lejjz: lord, para de voltar seu maluco
[28/02/2020 16:57:32] Lejjz: algum adm ai?
[28/02/2020 17:38:34] Lejjz: como pego o certificado agr?
[29/02/2020 17:08:15] Cocozao: ih ala k.o ate o adm ganha e eu n
[29/02/2020 19:15:31] Lczinh: algum adm ai?
[29/02/2020 19:25:27] Cocozao: os cara na minha maldade asheuash
