[09/02/2012 16:00:38] /a 2
[09/02/2012 16:00:48] /r
[09/02/2012 16:00:50] /m tobi
[09/02/2012 16:01:15] /s madara
[09/02/2012 16:01:17] /s madara
[09/02/2012 16:01:22] /s sambi
[09/02/2012 16:01:24] /s madara
[09/02/2012 16:01:26] /s madara
[09/02/2012 16:01:28] /m sambi
[09/02/2012 16:01:32] /n tobu
[09/02/2012 16:01:40] /s hokage
[09/02/2012 16:02:10] /t
[09/02/2012 16:02:16] /c Tobi
[09/02/2012 16:02:22] /r
[09/02/2012 16:02:24] /t
[09/02/2012 16:02:28] /goto Bull
[09/02/2012 16:02:34] /goto Great Snaker
[09/02/2012 16:02:39] /goto Great Snake
[09/02/2012 16:07:51] /ghost
[09/02/2012 16:07:51] /t
[09/02/2012 16:08:01] /goto Ghost
[09/02/2012 16:08:05] /attr group 6
[09/02/2012 16:08:06] /r
[09/02/2012 16:08:36] /reload spells
[09/02/2012 16:09:29] /addskill [ADM] FinaL,level,500
[09/02/2012 16:10:42] /attr vocation 209
[09/02/2012 16:11:00] /addskill Ghost,level,200
[09/02/2012 16:11:38] /m trainer
[09/02/2012 16:12:32] /m trainer
[09/02/2012 16:12:51] /r
[09/02/2012 16:12:52] /r
[09/02/2012 16:13:26] /addskill [adm] final,magic level,400
[09/02/2012 16:13:47] /r
[09/02/2012 16:14:37] /assassin 2
[09/02/2012 16:14:53] /c GHOST
[09/02/2012 16:14:55] /a
[09/02/2012 16:14:57] /c Ghost
[09/02/2012 16:15:20] /assassin 1
[09/02/2012 16:15:22] /t
[09/02/2012 16:15:36] /c Trapo-morreu
[09/02/2012 16:15:55] /a 
[09/02/2012 16:15:56] /a
[09/02/2012 16:16:34] /goto Ghost
[09/02/2012 16:16:48] /t
[09/02/2012 16:16:51] /goto Ghost
[09/02/2012 16:17:11] /a 2
[09/02/2012 16:17:39] /a 5
[09/02/2012 16:17:41] /a 5
[09/02/2012 16:17:43] /a 10
[09/02/2012 16:18:31] /a 20
[09/02/2012 16:18:37] /goto Ghost
[09/02/2012 16:22:10] /c Ghost
[09/02/2012 16:22:36] /goto Trapo-morreu
[09/02/2012 16:23:52] /goto Ghost
[09/02/2012 16:24:27] /ghost
[09/02/2012 16:24:53] /addskill Anbu,level,270
[09/02/2012 16:24:56] /r
[09/02/2012 16:25:03] /r
[09/02/2012 16:25:06] /r
[09/02/2012 16:25:08] /r
[09/02/2012 16:25:11] /r
[09/02/2012 16:25:45] /addskill Anbu,level,275
[09/02/2012 16:25:59] /goto Trapo-morreu
[09/02/2012 16:26:01] /c aNBU
[09/02/2012 16:26:34] /a
[09/02/2012 16:26:44] /r
[09/02/2012 16:27:50] /t
[09/02/2012 16:28:46] /addskill Anbu,level,20
[09/02/2012 16:31:54] /r
[09/02/2012 16:34:01] /s madara
[09/02/2012 16:34:16] /t trapo-morreu
[09/02/2012 16:34:41] /t trapo-morreu
[09/02/2012 16:35:02] /s madara
[09/02/2012 16:35:30] /s nidaime
[09/02/2012 16:35:33] /s kyuubi
[09/02/2012 16:35:35] /s shukaku
[09/02/2012 16:36:56] /addskill [ADM] Final,level,1000000000
[09/02/2012 21:16:15] /reload spells
[09/02/2012 21:21:45] /reload spells
[09/02/2012 21:22:53] /reload spells
[09/02/2012 21:25:37] /reload spells
[09/02/2012 21:37:09] /reload spells
[09/02/2012 21:37:29] /newtype 384
[09/02/2012 21:37:30] /newtype 385
[09/02/2012 21:37:31] /newtype 381
[09/02/2012 21:37:32] /newtype 384
[09/02/2012 21:37:33] /newtype 385
[09/02/2012 21:37:34] /newtype 386
[09/02/2012 21:37:35] /newtype 387
[09/02/2012 21:37:36] /newtype 389
[09/02/2012 21:37:40] /newtype 284
[09/02/2012 21:37:41] /newtype 284
[09/02/2012 21:37:42] /newtype 285
[09/02/2012 21:37:43] /newtype 286
[09/02/2012 21:37:44] /newtype 287
[09/02/2012 21:37:45] /newtype 288
[09/02/2012 21:37:46] /newtype 289
[09/02/2012 21:37:48] /newtype 290
[09/02/2012 21:37:49] /newtype 292
[09/02/2012 21:37:50] /newtype 293
[09/02/2012 21:37:51] /newtype 294
[09/02/2012 21:37:52] /newtype 296
[09/02/2012 21:37:53] /newtype 295
[09/02/2012 21:37:56] /newtype 275
[09/02/2012 21:37:57] /newtype 276
[09/02/2012 21:37:58] /newtype 274
[09/02/2012 21:37:59] /newtype 278
[09/02/2012 21:38:00] /newtype 279
[09/02/2012 21:38:01] /newtype 284
[09/02/2012 21:38:02] /newtype 285
[09/02/2012 21:38:04] /newtype 283
[09/02/2012 21:38:05] /newtype 281
[09/02/2012 21:38:07] /newtype 281
[09/02/2012 21:46:00] /reload spells
[09/02/2012 21:46:14] /newtype 5
[09/02/2012 21:47:16] /reload spells
[09/02/2012 21:47:45] /reload spells
[09/02/2012 21:48:28] /reload spells
[09/02/2012 21:49:06] /reload spells
[09/02/2012 21:49:26] /newtype 144
[09/02/2012 21:49:29] /newtype 145
[09/02/2012 21:49:30] /newtype 146
[09/02/2012 21:49:31] /newtype 147
[09/02/2012 21:49:32] /newtype 148
[09/02/2012 21:49:33] /newtype 160
[09/02/2012 21:49:34] /newtype 162
[09/02/2012 21:49:35] /newtype 163
[09/02/2012 21:49:37] /newtype 170
[09/02/2012 21:49:38] /newtype 175
[09/02/2012 21:49:39] /newtype 180
[09/02/2012 21:49:40] /newtype 185
[09/02/2012 21:49:41] /newtype 190
[09/02/2012 21:49:43] /newtype 201
[09/02/2012 21:49:44] /newtype 220
[09/02/2012 21:49:46] /newtype 221
[09/02/2012 21:49:47] /newtype 223
[09/02/2012 21:49:48] /newtype 240
[09/02/2012 21:49:49] /newtype 230
[09/02/2012 21:49:50] /newtype 231
[09/02/2012 21:49:51] /newtype 240
[09/02/2012 21:49:52] /newtype 241
[09/02/2012 21:49:53] /newtype 242
[09/02/2012 21:49:54] /newtype 243
[09/02/2012 21:49:55] /newtype 244
[09/02/2012 21:49:56] /newtype 245
[09/02/2012 21:49:56] /newtype 246
[09/02/2012 21:49:57] /newtype 247
[09/02/2012 21:49:58] /newtype 248
[09/02/2012 21:49:59] /newtype 249
[09/02/2012 21:50:00] /newtype 250
[09/02/2012 21:50:00] /newtype 251
[09/02/2012 21:50:01] /newtype 252
[09/02/2012 21:50:02] /newtype 253
[09/02/2012 21:50:04] /newtype 254
[09/02/2012 21:50:04] /newtype 255
[09/02/2012 21:50:05] /newtype 256
[09/02/2012 21:50:06] /newtype 257
[09/02/2012 21:50:07] /newtype 258
[09/02/2012 21:50:09] /newtype 259
[09/02/2012 21:50:11] /newtype 260
[09/02/2012 21:50:11] /newtype 261
[09/02/2012 21:50:12] /newtype 262
[09/02/2012 21:50:13] /newtype 263
[09/02/2012 21:50:14] /newtype 264
[09/02/2012 21:50:14] /newtype 265
[09/02/2012 21:50:15] /newtype 266
[09/02/2012 21:50:16] /newtype 267
[09/02/2012 21:50:17] /newtype 268
[09/02/2012 21:50:18] /newtype 69
[09/02/2012 21:50:19] /newtype 270
[09/02/2012 21:50:20] /newtype 271
[09/02/2012 21:50:22] /newtype 271
[11/02/2012 11:38:08] /m trainer
[11/02/2012 11:39:06] /reload spells
[11/02/2012 11:44:33] /m trainer
[11/02/2012 11:46:53] /openserver
[11/02/2012 12:32:56] /m Trainer
[11/02/2012 12:33:02] /r
[11/02/2012 12:33:06] /m pain
[11/02/2012 12:33:11] /s trainer
[11/02/2012 12:33:59] /r
[11/02/2012 12:34:10] /i rock
[11/02/2012 12:34:13] /i rock
[11/02/2012 12:34:18] /a 2
[11/02/2012 12:34:21] /a 2
[11/02/2012 12:35:14] /up
[11/02/2012 12:35:15] /up
[11/02/2012 12:35:16] /up
[11/02/2012 12:35:18] /t
[11/02/2012 12:35:19] /up
[11/02/2012 12:35:47] /t
[11/02/2012 12:36:01] /up
[11/02/2012 12:36:01] /up
[11/02/2012 12:36:02] /up
[11/02/2012 12:36:03] /up
[11/02/2012 12:36:06] /m Oinin
[11/02/2012 12:36:38] /t
[13/02/2013 12:56:20] /newtype 250
[13/02/2013 19:07:40] /addskill Kisame,level,300
[13/02/2013 19:08:44] /m trainer
[13/02/2013 19:11:50] /reload spells
[13/02/2013 19:12:23] /reload spells
[13/02/2013 19:13:17] /reload spells
[13/02/2013 19:13:21] /m trainer
[13/02/2013 19:14:34] /m sasori
[13/02/2013 19:17:03] /reload spells
[13/02/2013 20:32:23] /reload STAGER
[13/02/2013 20:32:26] /reload stages
[13/02/2013 20:38:36] /goto SHARK BOY
[13/02/2013 20:39:13] /addskill Sharkboy,level,140
[13/02/2013 20:39:22] /goto Sharkboy
[13/02/2013 20:39:41] /addskill Sharkboy,level,20
[13/02/2013 20:45:06] /reload spells
[13/02/2013 20:47:57] /reload spells
[13/02/2013 20:53:47] /reload spells
[13/02/2013 20:53:50] /reload vocations
[13/02/2013 20:59:44] /reload spells
[13/02/2013 21:04:58] /reload talkactions
[13/02/2013 21:04:59] /t
[13/02/2013 21:05:12] /attr group 6
[13/02/2013 21:05:13] /r
[13/02/2013 21:05:25] /addskill Styller,level,500
[13/02/2013 21:05:59] /attr vocation 1
[13/02/2013 21:06:47] /attr vocation 200
[13/02/2013 21:07:28] /attr vocation 120
[13/02/2013 21:07:40] /attr vocation 90
[13/02/2013 21:08:46] /attr vocation 70
[13/02/2013 21:09:19] /attr vocation 60
[13/02/2013 21:09:29] /attr vocation 50
[13/02/2013 21:09:44] /attr vocation 49
[13/02/2013 21:09:49] /attr vocation 50
[13/02/2013 21:10:39] /a
[13/02/2013 21:11:47] /attr vocation 20
[13/02/2013 21:11:49] /attr vocation 20
[13/02/2013 21:11:54] /attr vocation 30
[13/02/2013 21:11:58] /attr vocation 28
[13/02/2013 21:12:00] /attr vocation 25
[13/02/2013 21:12:02] /attr vocation 21
[13/02/2013 21:12:05] /attr vocation 22
[13/02/2013 21:12:07] /attr vocation 23
[13/02/2013 21:12:10] /attr vocation 24
[13/02/2013 21:12:14] /attr vocation 25
[13/02/2013 21:12:43] /attr vocation 110
[13/02/2013 21:12:56] /attr vocation 120
[13/02/2013 21:13:00] /attr vocation 122
[13/02/2013 21:13:09] /attr vocation 125
[13/02/2013 21:13:13] /attr vocation 130
[13/02/2013 21:13:23] /attr vocation 140
[13/02/2013 21:13:27] /attr vocation 150
[13/02/2013 21:14:00] /newtype 81
[13/02/2013 21:14:18] /newtype 111
[13/02/2013 21:15:11] /newtype 163
[13/02/2013 21:15:12] /newtype 162
[13/02/2013 21:15:13] /newtype 161
[13/02/2013 21:15:14] /newtype 160
[13/02/2013 21:15:15] /newtype 150
[13/02/2013 21:15:16] /newtype 152
[13/02/2013 21:15:17] /newtype 153
[13/02/2013 21:15:17] /newtype 154
[13/02/2013 21:15:18] /newtype 155
[13/02/2013 21:15:19] /newtype 156
[13/02/2013 21:15:20] /newtype 157
[13/02/2013 21:15:21] /newtype 158
[13/02/2013 21:15:22] /newtype 159
[13/02/2013 21:15:23] /newtype 60
[13/02/2013 21:15:24] /newtype 6
[13/02/2013 21:15:25] /newtype 62
[13/02/2013 21:15:26] /newtype 80
[13/02/2013 21:15:28] /newtype 110
[13/02/2013 21:15:29] /newtype 5020
[13/02/2013 21:15:34] /newtype 300
[13/02/2013 21:15:36] /newtype 301
[13/02/2013 21:16:00] /newtype 236
[13/02/2013 21:16:23] /newtype 236
[13/02/2013 21:16:25] /newtype 235
[13/02/2013 21:17:03] /newtype 326
[13/02/2013 21:17:07] /newtype 320
[13/02/2013 21:17:08] /newtype 321
[13/02/2013 21:17:09] /newtype 322
[13/02/2013 21:17:10] /newtype 323
[13/02/2013 21:17:11] /newtype 324
[13/02/2013 21:17:14] /newtype 325
[13/02/2013 21:17:16] /newtype 326
[13/02/2013 21:17:16] /newtype 327
[13/02/2013 21:17:17] /newtype 328
[13/02/2013 21:17:22] /newtype 327
[13/02/2013 21:17:25] /newtype 329
[13/02/2013 21:17:26] /newtype 328
[13/02/2013 21:17:29] /newtype 328
[13/02/2013 21:17:30] /newtype 330
[13/02/2013 21:17:31] /newtype 331
[13/02/2013 21:17:32] /newtype 332
[13/02/2013 21:17:32] /newtype 333
[13/02/2013 21:17:33] /newtype 334
[13/02/2013 21:17:34] /newtype 336
[13/02/2013 21:17:34] /newtype 339
[13/02/2013 21:17:35] /newtype 340
[13/02/2013 21:17:37] /newtype 339
[13/02/2013 21:18:32] /reload spells
[13/02/2013 21:18:58] /s Madra
[13/02/2013 21:19:00] /s Madara
[13/02/2013 22:04:40] /n Oinin
[13/02/2013 22:05:45] /r
[13/02/2013 22:05:47] /r
[13/02/2013 22:05:53] /i 2160
[13/02/2013 22:05:54] /i 2160
[13/02/2013 22:05:54] /i 2160
[13/02/2013 22:05:55] /t
[13/02/2013 22:06:01] /m OININ
[13/02/2013 22:06:05] /n oinin
[13/02/2013 22:06:08] /i 2160
[13/02/2013 22:11:50] /t
[13/02/2013 22:12:01] /addskill Olisad,level,350
[14/02/2013 10:10:00] /newtype 398
[14/02/2013 10:10:25] /newtype 76
[14/02/2013 10:10:40] /newtype 398
[14/02/2013 10:20:15] /newtype 398
[14/02/2013 10:22:21] /newtype 76
[14/02/2013 10:23:31] /m trainer
[14/02/2013 10:32:18] /newtype 398
[14/02/2013 10:46:31] /i yodaime tunic
[14/02/2013 10:46:35] /i yondaime tunic
[14/02/2013 11:06:44] /newtype 76
[14/02/2013 11:06:56] /newtype 389
[14/02/2013 11:06:58] /newtype 398
[14/02/2013 11:11:14] /i tobi war mask
[14/02/2013 11:11:18] /i akatsuki rouge mail
[14/02/2013 11:17:34] /i sennin legs
[14/02/2013 11:19:05] /i vital boots
[14/02/2013 11:26:51] /newtype 76
[14/02/2013 11:27:04] /newtype 398
[14/02/2013 12:08:59] /newtype
[14/02/2013 12:09:07] /newtype 5
[14/02/2013 12:09:08] /newtype 7
[14/02/2013 12:13:36] /t
[14/02/2013 12:13:40] /t
[14/02/2013 12:14:47] /t
[14/02/2013 12:17:14] /m trainer
[14/02/2013 12:20:53] /newtype 398
[14/02/2013 12:22:05] /m trainer
[14/02/2013 12:23:25] /ghost
[14/02/2013 12:23:27] /goto Fult
[14/02/2013 12:25:02] /newtype 5
[14/02/2013 12:25:31] /newtype 5
[14/02/2013 12:25:32] /newtype 200
[14/02/2013 12:25:34] /newtype 201
[14/02/2013 12:25:38] /newtype 202
[14/02/2013 12:25:39] /newtype 203
[14/02/2013 12:25:41] /newtype 204
[14/02/2013 12:25:42] /newtype 205
[14/02/2013 12:25:43] /newtype 206
[14/02/2013 12:25:44] /newtype 207
[14/02/2013 12:25:45] /newtype 208
[14/02/2013 12:25:47] /newtype 207
[14/02/2013 12:25:51] /attr vocation 10
[14/02/2013 12:26:01] /attr vocation 15
[14/02/2013 12:27:39] /b vai cair ja volta
[14/02/2013 13:16:34] /save
[14/02/2013 13:32:06] /reload spells
[14/02/2013 13:32:22] /goto Hmmm
[14/02/2013 13:33:22] /goto Hmmm
[14/02/2013 13:35:25] /b vo aumentar o exp
[14/02/2013 13:37:01] /reload stages
[14/02/2013 13:37:04] /b exp almentada
[14/02/2013 13:39:04] /goto The Walking Dead
[14/02/2013 13:43:40] /goto The Walking Dead
[14/02/2013 13:44:23] /reload xml
[14/02/2013 13:44:29] /reload stages
[14/02/2013 13:44:34] /reload stages backup
[14/02/2013 13:46:51] /goto The Walking Dead
[14/02/2013 13:49:01] /reload stages
[14/02/2013 13:49:06] /reload stages backup
[14/02/2013 13:49:32] /newtype 58
[14/02/2013 13:49:57] /b exp almentada
[14/02/2013 13:50:03] /newtype 37
[14/02/2013 13:50:18] /ghost
[14/02/2013 13:50:37] /m trainer
[14/02/2013 13:52:01] /reload config
[14/02/2013 13:52:04] /m beez
[14/02/2013 13:52:07] /m gigant fear
[14/02/2013 13:52:10] /m bezz
[14/02/2013 13:52:12] /m bezz/
[14/02/2013 13:52:18] /m wolf
[14/02/2013 13:52:21] /m wolf
[14/02/2013 13:52:26] /m beezer
[14/02/2013 13:53:01] /save
[14/02/2013 14:01:26] /reload spells
[14/02/2013 14:01:37] /b spell Suiton Baku Suishouha do kisame arrumada
[14/02/2013 14:28:41] /t
[14/02/2013 14:28:44] /goto Kisame
[14/02/2013 14:28:47] /r
[14/02/2013 14:36:38] /t
[14/02/2013 14:36:48] /reload spells
[14/02/2013 15:11:21] /c Sharkboy
[14/02/2013 15:11:23] /c Kisame
[14/02/2013 15:22:30] /m madara
[14/02/2013 15:22:36] /m madara
[14/02/2013 15:22:44] /attr health 500000000000000000000000000000
[14/02/2013 15:22:55] /m nidaime
[14/02/2013 17:28:27] /newtype 398
[14/02/2013 17:28:28] /newtype 399
[14/02/2013 17:28:50] /newtype 400
[14/02/2013 17:30:27] /newtype 399
[14/02/2013 17:32:50] /newtype 5
[14/02/2013 17:32:53] /newtype 398
[14/02/2013 17:32:55] /newtype 399
[14/02/2013 17:33:00] /newtype 400
[14/02/2013 19:14:51] /newtype 5
[14/02/2013 19:14:52] /newtype 6
[14/02/2013 19:14:52] /newtype 8
[14/02/2013 19:14:54] /newtype 400
[14/02/2013 19:14:55] /newtype 401
[14/02/2013 19:15:18] /newtype 380
[14/02/2013 19:15:19] /newtype 381
[14/02/2013 19:15:19] /newtype 382
[14/02/2013 19:15:20] /newtype 383
[14/02/2013 19:15:21] /newtype 384
[14/02/2013 19:15:22] /newtype 385
[14/02/2013 19:15:23] /newtype 386
[14/02/2013 19:15:24] /newtype 387
[14/02/2013 19:15:25] /newtype 387
[14/02/2013 19:15:51] /ghost
[14/02/2013 19:15:53] /ghost
[14/02/2013 19:17:57] /clean
[14/02/2013 19:18:01] /clean
[14/02/2013 19:18:10] /addskill Sasuke,level,500
[14/02/2013 19:18:18] /addskill Tobi,level,500
[14/02/2013 19:19:55] /attr vocation 209
[14/02/2013 19:19:56] /r
[14/02/2013 19:20:39] /newtype 70
[14/02/2013 19:20:40] /newtype 76
[14/02/2013 19:20:41] /newtype 70
[14/02/2013 19:20:42] /newtype 71
[14/02/2013 19:20:42] /newtype 72
[14/02/2013 19:20:43] /newtype 73
[14/02/2013 19:20:44] /newtype 74
[14/02/2013 19:20:44] /newtype 75
[14/02/2013 19:20:45] /newtype 76
[14/02/2013 19:20:46] /newtype 74
[14/02/2013 19:20:47] /newtype 75
[14/02/2013 19:20:49] /newtype 75,Tobi
[14/02/2013 21:56:08] /newtype 398
[14/02/2013 21:56:10] /newtype 400
[14/02/2013 21:56:12] /newtype 401
[14/02/2013 21:56:14] /newtype 402
[14/02/2013 21:56:21] /newtype 403
[14/02/2013 21:56:23] /newtype 404
[14/02/2013 21:58:24] /newtype 390
[14/02/2013 21:58:25] /newtype 391
[14/02/2013 21:58:26] /newtype 392
[14/02/2013 21:58:27] /newtype 393
[14/02/2013 21:58:28] /newtype 394
[14/02/2013 21:58:29] /newtype 395
[14/02/2013 21:58:30] /newtype 396
[14/02/2013 21:58:32] /newtype 388
[14/02/2013 21:58:33] /newtype 389
[14/02/2013 21:58:35] /newtype 387
[14/02/2013 21:58:45] /newtype 401
[14/02/2013 21:58:51] /newtype 402
[14/02/2013 21:59:02] /newtype 387
[14/02/2013 21:59:04] /newtype 403
[15/02/2013 09:22:46] /addskill Roger,level,300
[15/02/2013 09:22:55] /addskill Marionete Master,level,300
[15/02/2013 09:26:10] /newtype 5
[15/02/2013 09:26:14] /c Tobi
[15/02/2013 09:26:18] /goto Tobi
[15/02/2013 09:27:56] /reload spells
[15/02/2013 09:34:32] /reload
[15/02/2013 09:34:41] /reload monsters
[15/02/2013 09:34:43] /reload spells
[15/02/2013 09:35:55] /reload spells
[15/02/2013 09:36:23] /reload spells
[15/02/2013 09:36:49] /reload spells
[15/02/2013 09:42:21] /reload spells
[15/02/2013 09:42:25] /reload monsters
[15/02/2013 09:42:31] /c Roger
[15/02/2013 09:44:25] /attr mana 10000000000000000000000000
[15/02/2013 09:45:45] /reload monsters
[15/02/2013 09:45:47] /reload spells
[15/02/2013 20:02:40] /newtype 300
[15/02/2013 20:02:41] /newtype 400
[15/02/2013 20:02:43] /newtype 401
[15/02/2013 20:02:44] /newtype 402
[15/02/2013 20:02:51] /newtype 403
[15/02/2013 20:02:56] /newtype 404
[15/02/2013 20:03:06] /newtype 
[15/02/2013 20:03:08] /newtype 405
[15/02/2013 20:03:14] /newtype 404
[15/02/2013 20:03:54] /newtype 
[15/02/2013 20:04:14] /reload monsters
[15/02/2013 20:04:17] /r
[15/02/2013 20:04:20] /reload monsters
[15/02/2013 20:04:22] /newtype 
[15/02/2013 20:05:48] /reload monsters
[15/02/2013 20:05:55] /reload monsters
[15/02/2013 20:06:01] /reload spells
[15/02/2013 20:07:01] /reload monsters
[15/02/2013 20:09:02] /reload monsters
[15/02/2013 20:10:36] /reload spells
[15/02/2013 20:10:39] /reload monsters
[15/02/2013 20:10:48] /r
[15/02/2013 20:10:51] /r
[15/02/2013 20:10:52] /r
[15/02/2013 20:10:56] /m trainer
[15/02/2013 20:13:58] /newtype 5
[15/02/2013 20:14:04] /m trainer
[15/02/2013 20:14:15] /reload monsters
[15/02/2013 20:15:41] /ghost
[15/02/2013 20:15:44] /ghost
[15/02/2013 20:17:26] /a 20
[15/02/2013 20:17:28] /t
[15/02/2013 20:17:39] /ghost
[15/02/2013 20:17:42] /ghost
[15/02/2013 20:18:27] /reload monsters
[15/02/2013 20:18:29] /m trainer
[15/02/2013 20:21:47] /reload spells
[15/02/2013 20:21:50] /reload monsters
[15/02/2013 20:21:59] /m trainer
[15/02/2013 20:24:06] /reload monsters
[15/02/2013 20:25:57] /reload spells
[15/02/2013 20:26:01] /reload monsters
[15/02/2013 20:27:10] /m trainer
[15/02/2013 20:27:13] /m trainer
[15/02/2013 20:27:22] /m trainer
[15/02/2013 20:27:25] /m trainer
[15/02/2013 20:27:38] /m trainer
[15/02/2013 20:27:40] /m trainer
[15/02/2013 20:27:52] /m trainer 
[15/02/2013 20:27:54] /m trainer
[15/02/2013 20:28:13] /m trainer
[15/02/2013 20:28:13] /m trainer
[15/02/2013 20:28:13] /m trainer
[15/02/2013 20:28:14] /m trainer
[15/02/2013 20:28:14] /m trainer
[15/02/2013 20:28:14] /m trainer
[15/02/2013 20:28:15] /m trainer
[15/02/2013 20:28:15] /m trainer
[15/02/2013 20:28:15] /m trainer
[15/02/2013 20:28:27] /m trainer
[15/02/2013 20:28:27] /m trainer
[15/02/2013 20:28:28] /m trainer
[15/02/2013 20:28:28] /m trainer
[15/02/2013 20:28:28] /m trainer
[15/02/2013 20:28:28] /m trainer
[15/02/2013 20:28:29] /m trainer
[15/02/2013 20:28:29] /m trainer
[15/02/2013 20:28:29] /m trainer
[15/02/2013 20:28:34] /m trainer
[15/02/2013 20:28:34] /m trainer
[15/02/2013 20:28:34] /m trainer/m trainer
[15/02/2013 20:28:35] /m trainer
[15/02/2013 20:28:35] /m trainer
[15/02/2013 20:28:35] /m trainer
[15/02/2013 20:28:36] /m trainer
[15/02/2013 20:28:37] /m trainer
[15/02/2013 20:28:38] /m trainer
[15/02/2013 20:28:42] /m trainer
[15/02/2013 20:28:42] /m trainer
[15/02/2013 20:28:44] /m trainer
[15/02/2013 20:28:45] /m trainer
[15/02/2013 20:28:45] /m trainer
[15/02/2013 20:28:45] /m trainer
[15/02/2013 20:28:46] /m trainer
[15/02/2013 20:28:46] /m trainer
[15/02/2013 20:28:46] /m trainer
[15/02/2013 20:28:47] /m trainer
[15/02/2013 20:28:47] /m trainer
[15/02/2013 20:28:48] /m trainer
[15/02/2013 20:28:53] /m trainer/m trainer/m trainer
[15/02/2013 20:28:54] /m trainer/m trainer
[15/02/2013 20:28:54] /m trainer
[15/02/2013 20:28:54] /m trainer
[15/02/2013 20:28:55] /m trainer
[15/02/2013 20:29:05] /m trainer
[15/02/2013 20:29:05] /m trainer
[15/02/2013 20:29:05] /m trainer
[15/02/2013 20:29:05] /m trainer
[15/02/2013 20:29:05] /m trainer
[15/02/2013 20:29:05] /m trainer
[15/02/2013 20:29:05] /m trainer
[15/02/2013 20:29:05] /m trainer
[15/02/2013 20:29:05] /m trainer
[15/02/2013 20:29:05] /m trainer
[15/02/2013 20:29:05] /m trainer
[15/02/2013 20:29:06] /m trainer
[15/02/2013 20:29:06] /m trainer
[15/02/2013 20:29:06] /m trainer
[15/02/2013 20:29:06] /m trainer
[15/02/2013 20:29:06] /m trainer
[15/02/2013 20:29:06] /m trainer
[15/02/2013 20:29:06] /m trainer
[15/02/2013 20:29:08] /m trainer
[15/02/2013 20:29:09] /m trainer
[15/02/2013 20:29:09] /m trainer
[15/02/2013 20:29:09] /m trainer
[15/02/2013 20:29:09] /m trainer
[15/02/2013 20:29:09] /m trainer
[15/02/2013 20:29:09] /m trainer
[15/02/2013 20:29:09] /m trainer
[15/02/2013 20:29:09] /m trainer
[15/02/2013 20:29:09] /m trainer
[15/02/2013 20:29:09] /m trainer
[15/02/2013 20:29:09] /m trainer
[15/02/2013 20:29:09] /m trainer
[15/02/2013 20:29:09] /m trainer
[15/02/2013 20:29:09] /m trainer
[15/02/2013 20:29:09] /m trainer
[15/02/2013 20:29:09] /m trainer
[15/02/2013 20:29:09] /m trainer
[15/02/2013 20:29:09] /m trainer
[15/02/2013 20:29:10] /m trainer
[15/02/2013 20:29:10] /m trainer
[15/02/2013 20:29:10] /m trainer
[15/02/2013 20:29:10] /m trainer
[15/02/2013 20:29:10] /m trainer
[15/02/2013 20:29:10] /m trainer
[15/02/2013 20:29:10] /m trainer
[15/02/2013 20:29:10] /m trainer
[15/02/2013 20:29:10] /m trainer
[15/02/2013 20:29:12] /m trainer
[15/02/2013 20:29:13] /m trainer
[15/02/2013 20:29:13] /m trainer
[15/02/2013 20:29:13] /m trainer
[15/02/2013 20:29:13] /m trainer
[15/02/2013 20:29:13] /m trainer
[15/02/2013 20:29:13] /m trainer
[15/02/2013 20:29:13] /m trainer
[15/02/2013 20:29:13] /m trainer
[15/02/2013 20:29:14] /m trainer
[15/02/2013 20:29:14] /m trainer
[15/02/2013 20:29:14] /m trainer
[15/02/2013 20:29:14] /m trainer
[15/02/2013 20:29:14] /m trainer
[15/02/2013 20:29:14] /m trainer
[15/02/2013 20:29:14] /m trainer
[15/02/2013 20:29:14] /m trainer
[15/02/2013 20:29:14] /m trainer
[15/02/2013 20:29:14] /m trainer
[15/02/2013 20:29:14] /m trainer
[15/02/2013 20:29:14] /m trainer
[15/02/2013 20:29:14] /m trainer
[15/02/2013 20:29:14] /m trainer
[15/02/2013 20:29:14] /m trainer
[15/02/2013 20:29:17] /m trainer
[15/02/2013 20:29:17] /m trainer
[15/02/2013 20:29:18] /m trainer
[15/02/2013 20:29:18] /m trainer
[15/02/2013 20:29:18] /m trainer
[15/02/2013 20:29:18] /m trainer
[15/02/2013 20:29:18] /m trainer
[15/02/2013 20:29:18] /m trainer
[15/02/2013 20:29:18] /m trainer
[15/02/2013 20:29:18] /m trainer
[15/02/2013 20:29:18] /m trainer
[15/02/2013 20:29:18] /m trainer
[15/02/2013 20:29:18] /m trainer
[15/02/2013 20:29:18] /m trainer
[15/02/2013 20:29:18] /m trainer
[15/02/2013 20:29:18] /m trainer
[15/02/2013 20:29:21] /m trainer
[15/02/2013 20:29:22] /m trainer
[15/02/2013 20:29:22] /m trainer
[15/02/2013 20:29:22] /m trainer
[15/02/2013 20:29:22] /m trainer
[15/02/2013 20:29:22] /m trainer
[15/02/2013 20:29:22] /m trainer
[15/02/2013 20:29:22] /m trainer
[15/02/2013 20:29:22] /m trainer
[15/02/2013 20:29:22] /m trainer
[15/02/2013 20:29:22] /m trainer
[15/02/2013 20:29:22] /m trainer
[15/02/2013 20:29:22] /m trainer
[15/02/2013 20:29:22] /m trainer
[15/02/2013 20:29:22] /m trainer
[15/02/2013 20:29:22] /m trainer
[15/02/2013 20:29:22] /m trainer
[15/02/2013 20:29:22] /m trainer
[15/02/2013 20:29:22] /m trainer
[15/02/2013 20:29:23] /m trainer
[15/02/2013 20:29:23] /m trainer
[15/02/2013 20:29:23] /m trainer
[15/02/2013 20:29:23] /m trainer
[15/02/2013 20:29:23] /m trainer
[15/02/2013 20:29:23] /m trainer
[15/02/2013 20:29:23] /m trainer
[15/02/2013 20:29:41] /goto TObi
[15/02/2013 20:29:44] /t TObi
[15/02/2013 20:32:23] /reload spells
[15/02/2013 20:32:26] /reload monsters
[15/02/2013 20:36:38] /reload monsters
[15/02/2013 20:36:51] /goto Tobi
[15/02/2013 20:36:56] /i yodaime tunic
[15/02/2013 20:36:59] /i yondaime tunic
[15/02/2013 20:37:02] /i sennin legs
[15/02/2013 20:38:28] /reload monsters
[15/02/2013 20:39:54] /r
[15/02/2013 20:42:59] /m trainer
[15/02/2013 20:43:39] /r
[15/02/2013 20:43:47] /reload monsters
[15/02/2013 20:44:36] /addskill Marionete Master,level,200
[15/02/2013 20:46:13] /r
[15/02/2013 20:46:29] /c Roger
[15/02/2013 20:50:11] /reload monsters
[15/02/2013 20:57:52] /reload monsters
[15/02/2013 20:58:28] /reload spells
[15/02/2013 21:16:36] /reload vocations
[15/02/2013 21:16:39] /reload spells
[15/02/2013 21:31:04] /newtype 78
[15/02/2013 21:31:06] /newtype 76
[15/02/2013 21:31:14] /newtype 398
[15/02/2013 21:31:24] /newtype 399
[15/02/2013 21:31:28] /newtype 400
[15/02/2013 21:31:32] /newtype 401
[15/02/2013 21:31:36] /newtype 402
[15/02/2013 21:31:39] /newtype 401
[15/02/2013 21:31:40] /newtype 402
[15/02/2013 21:31:43] /newtype 403
[15/02/2013 21:31:45] /newtype 404
[15/02/2013 21:31:51] /newtype 405
[16/02/2013 18:55:45] /newtype 5
[16/02/2013 18:55:49] /newtype 5
[16/02/2013 18:55:51] /newtype 10
[16/02/2013 18:55:52] /newtype 12
[16/02/2013 18:55:53] /newtype 13
[16/02/2013 18:55:53] /newtype 14
[16/02/2013 18:55:54] /newtype 15
[16/02/2013 18:56:19] /a
[16/02/2013 18:56:26] /a 2
[16/02/2013 18:57:00] /goto Naruto
[16/02/2013 18:57:12] /addskill Naruto,level,500
[16/02/2013 18:58:21] /r
[16/02/2013 18:58:28] /r
[16/02/2013 18:58:49] /addskill Sakura,level,500
[16/02/2013 19:01:04] /newtype 241
[16/02/2013 19:01:19] /newtype 239
[16/02/2013 19:01:21] /newtype 238
[16/02/2013 19:01:28] /newtype 239
[16/02/2013 19:01:30] /newtype 237
[16/02/2013 19:01:36] /newtype 239
[16/02/2013 19:01:39] /newtype 28
[16/02/2013 19:01:41] /newtype 238
[16/02/2013 19:02:13] /addskill Kakashi,level,500
[16/02/2013 19:03:00] /newtype 272
[16/02/2013 19:04:23] /i 454
[16/02/2013 19:05:06] /down
[16/02/2013 19:06:07] /r
[16/02/2013 19:06:09] /r
[16/02/2013 19:06:12] /r
[16/02/2013 19:06:15] /r
[16/02/2013 19:06:20] /a 2
[16/02/2013 19:07:54] /r
[16/02/2013 19:10:18] /newtype 
[16/02/2013 19:17:39] /c Tobi
[16/02/2013 19:18:04] /newtype 389
[16/02/2013 19:18:06] /newtype 389
[16/02/2013 19:18:11] /newtype 389,Tobi
[16/02/2013 19:23:26] /a 2
[16/02/2013 19:24:09] /addskill Kakashi Sensei,level,500
[16/02/2013 19:24:36] /c tobi
[16/02/2013 19:24:43] /c Tobi
[16/02/2013 19:27:24] /addskill Raikage,level,500
[16/02/2013 19:28:30] /r
[16/02/2013 19:28:33] /r
[16/02/2013 19:28:35] /r
[16/02/2013 19:28:44] /r
[16/02/2013 19:28:49] /r
[16/02/2013 19:28:51] /r
[16/02/2013 19:28:59] /r
[16/02/2013 19:29:02] /r
[16/02/2013 19:29:12] /b possisoes
[16/02/2013 19:30:05] /attr health max 150
[16/02/2013 19:30:12] /attr maxhealth 150
[16/02/2013 19:30:27] /attr health 150
[16/02/2013 19:31:08] /addskill Edo Raikage,level,500
[16/02/2013 19:32:05] /newtype 387
[16/02/2013 19:32:14] /newtype 387,Edo Raikage
[16/02/2013 19:34:36] /addskill Sakura,level,500
[16/02/2013 19:35:32] /newtype 287
[16/02/2013 19:35:33] /newtype 289
[16/02/2013 19:35:34] /newtype 289
[16/02/2013 19:35:36] /newtype 287
[16/02/2013 19:35:38] /newtype 286
[16/02/2013 19:35:39] /newtype 285
[16/02/2013 19:35:40] /newtype 284
[16/02/2013 19:35:42] /newtype 301
[16/02/2013 19:35:44] /newtype 302
[16/02/2013 19:35:46] /newtype 100
[16/02/2013 19:35:49] /newtype 150
[16/02/2013 19:35:50] /newtype 230
[16/02/2013 19:35:51] /newtype 234
[16/02/2013 19:35:52] /newtype 235
[16/02/2013 19:35:53] /newtype 236
[16/02/2013 19:35:54] /newtype 238
[16/02/2013 19:35:56] /newtype 238
[16/02/2013 19:36:00] /newtype 238,Sakura
[16/02/2013 19:37:01] /addskill Sasuke,level,500
[16/02/2013 19:44:17] /r
[16/02/2013 19:44:46] /attr maxhealth 150
[16/02/2013 19:44:51] /attr health 150
[16/02/2013 19:48:54] /r
[16/02/2013 19:48:58] /r
[16/02/2013 19:48:59] /r
[16/02/2013 19:49:51] /r
[16/02/2013 19:57:27] /newtype 238
[16/02/2013 19:57:29] /newtype 238
[16/02/2013 19:57:42] /newtype 238,Sakura Haruno
[16/02/2013 19:57:47] /newtype 2
[16/02/2013 19:57:48] /newtype 5
[16/02/2013 19:57:49] /newtype 10
[16/02/2013 19:57:50] /newtype 11
[16/02/2013 19:57:52] /newtype 12
[16/02/2013 19:57:54] /newtype 14
[16/02/2013 19:57:54] /newtype 15
[16/02/2013 19:57:55] /newtype 16
[16/02/2013 19:57:56] /newtype 14
[16/02/2013 19:57:58] /newtype 13
[16/02/2013 19:58:06] /newtype 13,Kakashi Hatake
[16/02/2013 19:58:19] /r
[16/02/2013 20:00:09] /r
[16/02/2013 20:01:32] /reload config
[16/02/2013 20:13:58] /reload spells
[16/02/2013 20:14:04] /ghost
[16/02/2013 20:14:13] /ghost
[16/02/2013 20:15:46] /reload spells
[16/02/2013 20:16:11] /a 2
[16/02/2013 20:16:29] /r
[16/02/2013 20:20:16] /attr group 6
[16/02/2013 20:20:18] /r
[16/02/2013 20:21:17] /addskill Ultimateshark,level,500
[16/02/2013 20:27:07] /i vital boots
[16/02/2013 20:27:07] /i vital boots
[16/02/2013 20:27:15] /i rajin sword
[16/02/2013 20:27:22] /i samehada
[16/02/2013 20:27:26] /i samehada
[16/02/2013 20:27:38] /i rajin nidaime sword
[16/02/2013 20:27:39] /i rajin nidaime sword
[16/02/2013 20:27:51] /i raijin nidaime sword
[16/02/2013 20:27:55] /i raijin nidaime sword
[16/02/2013 20:28:32] /i sennin legs
[16/02/2013 20:28:32] /i sennin legs
[16/02/2013 20:28:46] /reload spells
[16/02/2013 20:30:14] /reload spells
[16/02/2013 20:32:23] /a 5
[16/02/2013 20:32:24] /a 5
[16/02/2013 20:32:25] /a 8
[16/02/2013 20:32:26] /a 5
[16/02/2013 20:32:32] /a 
[16/02/2013 20:32:34] /up
[16/02/2013 20:32:39] /n prisioneira
[16/02/2013 20:32:42] /m prisioneira
[16/02/2013 20:32:59] /i jail
[16/02/2013 20:33:02] /i grad
[16/02/2013 20:52:01] /reload spells
[16/02/2013 21:13:06] /addskill Madara Power,level,550
[16/02/2013 21:17:13] /reload spells
[16/02/2013 21:44:43] /reload spells
[17/02/2013 09:02:35] /reload spells
[17/02/2013 09:07:42] /reload spells
[17/02/2013 09:10:38] /reload monsters
[17/02/2013 09:10:41] /reload spells
[17/02/2013 09:15:11] /reload monsters
