[23/04/2018 17:31:29] /newtype 1350
[23/04/2018 17:35:16] /newtype 1350
[24/04/2018 18:44:59] /newtype 1354
[24/04/2018 18:48:36] /newtype 1350
[24/04/2018 18:49:10] /newtype 1355
[24/04/2018 18:50:17] /newtype 1356
[24/04/2018 18:50:53] /newtype 1348
[24/04/2018 18:50:59] /newtype 
[24/04/2018 18:51:04] /newtype 1347
[24/04/2018 18:51:41] /a 40
[24/04/2018 18:55:31] /newtype 1345
[24/04/2018 18:55:33] /newtype 1346
[24/04/2018 18:55:35] /newtype 1345
[24/04/2018 18:55:36] /newtype 1346
[24/04/2018 18:57:29] /newtype 1346 (boruto anbu)
[24/04/2018 18:57:31] /newtype 1332
[24/04/2018 18:58:01] /newtype 1330
[24/04/2018 18:58:06] /newtype 1329
[24/04/2018 18:58:08] /newtype 1313
[24/04/2018 18:58:12] /newtype 1301
[24/04/2018 18:58:15] /newtype 1302
[24/04/2018 18:58:19] /newtype 1329
[24/04/2018 18:58:21] /newtype 1302
[24/04/2018 18:58:23] /newtype 1330
[24/04/2018 18:59:02] /newtype 1302 (temari Akat)
[24/04/2018 18:59:04] /newtype 1302 (temari Akat)
[24/04/2018 18:59:14] /newtype 1302 (temari Akat)
[24/04/2018 18:59:18] /newtype 1302 
[24/04/2018 18:59:42] /newtype 1300
[24/04/2018 18:59:52] /newtype 1201
[24/04/2018 19:00:00] /newtype 1232
[24/04/2018 19:00:40] /newtype 1242
[24/04/2018 19:01:09] /newtype 1244
[24/04/2018 19:01:16] /newtype 1245
[24/04/2018 19:01:17] /newtype 1246
[24/04/2018 19:02:09] /newtype 1247
[24/04/2018 19:02:29] /newtype 1298
[24/04/2018 19:02:38] /newtype 1100
[24/04/2018 19:02:40] /newtype 1101
[24/04/2018 19:02:47] /newtype 1103
[24/04/2018 19:03:34] /newtype 1108
[24/04/2018 19:04:03] /newtype 1128
[24/04/2018 19:04:18] /newtype 1171
[24/04/2018 19:06:49] /goto [ADM] Lord
[24/04/2018 19:06:53] /newtype 1354
[24/04/2018 19:08:25] /goto [ADM] Lord
[24/04/2018 19:08:32] /newtype 1350
[24/04/2018 19:08:33] /newtype 1245
[24/04/2018 19:08:34] /newtype 1347
[24/04/2018 19:08:34] /newtype 1345
[24/04/2018 19:08:35] /newtype 1108
[24/04/2018 19:08:36] /newtype 1332
[24/04/2018 19:08:36] /newtype 1103
[24/04/2018 19:08:37] /newtype 1332
[24/04/2018 19:08:39] /newtype 1332
[24/04/2018 19:08:40] /newtype 1332
[24/04/2018 19:08:41] /newtype 1108
[24/04/2018 19:08:44] /goto [ADM] Lord
[24/04/2018 19:08:55] /goto [ADM] Lord
[24/04/2018 19:08:57] /goto [ADM] Lord
[24/04/2018 19:08:58] /goto [ADM] Lord
[24/04/2018 19:09:20] /goto [ADM] Lord
[24/04/2018 19:09:22] /goto [ADM] Lord
[24/04/2018 19:09:25] /goto [ADM] Lord
[24/04/2018 19:12:59] /goto [ADM] Lord
[24/04/2018 19:13:01] /goto [ADM] Lord
[24/04/2018 19:13:05] /newtype 1350
[24/04/2018 19:13:05] /newtype 1245
[24/04/2018 19:13:06] /newtype 1347
[24/04/2018 19:13:09] /newtype 1103
[24/04/2018 19:13:15] /newtype 1232
[24/04/2018 19:18:38] /newtype 1103
[24/04/2018 19:18:38] /newtype 1329
[24/04/2018 19:18:39] /newtype 1171
[24/04/2018 19:18:41] /newtype 1329
[24/04/2018 19:18:49] /newtype 1171
[24/04/2018 19:18:58] /newtype 1171
[24/04/2018 19:18:59] /newtype 1232
[24/04/2018 19:19:04] /a 10
[24/04/2018 19:19:05] /a 10
[24/04/2018 19:19:06] /a 10
[24/04/2018 19:19:07] /a 10
[24/04/2018 19:19:11] /a 10
[24/04/2018 19:19:31] /c [ADM] Lord
[24/04/2018 19:21:15] /a 10
[24/04/2018 19:21:15] /a 10
[24/04/2018 19:21:15] /a 10
[24/04/2018 19:21:16] /a 10
[24/04/2018 19:21:16] /a 10
[24/04/2018 19:21:16] /a 10
[24/04/2018 19:21:16] /a 10
[24/04/2018 19:21:16] /a 10
[24/04/2018 19:21:16] /a 10
[24/04/2018 19:21:16] /a 10
[24/04/2018 19:21:16] /a 10
[24/04/2018 19:21:16] /a 10
[24/04/2018 19:21:16] /a 10
[24/04/2018 19:21:16] /a 10
[24/04/2018 19:21:16] /a 10
[24/04/2018 19:21:16] /a 10
[24/04/2018 19:21:17] /a 10
[24/04/2018 19:21:17] /a 10
[24/04/2018 19:21:18] /a 10
[24/04/2018 19:21:18] /a 10
[24/04/2018 19:21:19] /a 10
[24/04/2018 19:21:19] /a 10
[24/04/2018 19:21:19] /a 10
[24/04/2018 19:21:19] /a 10
[24/04/2018 19:21:19] /a 10
[24/04/2018 19:21:19] /a 10
[24/04/2018 19:21:19] /a 10
[24/04/2018 19:21:19] /a 10
[24/04/2018 19:21:20] /a 10
[24/04/2018 19:21:20] /a 10
[24/04/2018 19:21:20] /a 10
[24/04/2018 19:21:20] /a 10
[24/04/2018 19:21:20] /a 10
[24/04/2018 19:21:23] /a 10
[24/04/2018 19:21:43] /a 10
[24/04/2018 19:21:44] /goto [ADM] Lord
[24/04/2018 19:26:37] /newtype 1103
[24/04/2018 19:26:39] /newtype 1332
[24/04/2018 19:26:45] /newtype 1354
[24/04/2018 19:26:48] /newtype 1350
[24/04/2018 19:26:58] /newtype 1232
[24/04/2018 19:32:47] /i 200-
[24/04/2018 19:32:48] /i 2000
[24/04/2018 19:32:58] /i 11500
[24/04/2018 19:33:10] /i 11499
[24/04/2018 19:33:13] /i 11498
[24/04/2018 19:33:15] /i 11497
[24/04/2018 19:33:47] /i 7402
[24/04/2018 19:33:53] /i 2431
[24/04/2018 19:34:03] /i 7408
[24/04/2018 19:34:11] /i 11532
[24/04/2018 19:34:32] /i 11496
[24/04/2018 19:34:39] /i 11495
[24/04/2018 19:34:39] /i 11494
[24/04/2018 19:34:41] /i 11493
[24/04/2018 19:35:04] /i 11501
[24/04/2018 19:35:04] /i 11502
[24/04/2018 19:35:05] /i 11503
[24/04/2018 19:35:10] /i 11504
[24/04/2018 19:37:41] /i 11497
[24/04/2018 19:37:43] /i 11498
[24/04/2018 19:37:46] /i 11499
[24/04/2018 19:37:50] /i 11500
[24/04/2018 19:38:22] /a 10
[24/04/2018 19:38:40] /newtype 1103
[24/04/2018 19:38:41] /newtype 1332
[24/04/2018 19:38:42] /newtype 1108
[24/04/2018 19:38:43] /newtype 1345
[24/04/2018 19:38:44] /newtype 1347
[24/04/2018 19:38:45] /newtype 1345
[24/04/2018 19:39:17] /newtype 1103
[24/04/2018 20:13:06] /goto [ADM] Lord
[28/04/2018 16:28:59] /a 10
[28/04/2018 16:28:59] /a 10
[28/04/2018 16:30:11] /a 10
[28/04/2018 16:30:12] /a 10
[28/04/2018 16:30:12] /a 10
[28/04/2018 16:30:12] /a 10
[28/04/2018 16:30:12] /a 10
[28/04/2018 16:30:13] /a 10
[28/04/2018 16:30:13] /a 10
[28/04/2018 16:30:13] /a 10
[28/04/2018 16:30:14] /a 10
[28/04/2018 16:30:14] /a 10
[28/04/2018 16:30:14] /a 10
[28/04/2018 16:30:14] /a 10
[28/04/2018 16:30:15] /a 10
[28/04/2018 16:30:15] /a 10
[28/04/2018 16:30:15] /a 10
[28/04/2018 16:30:15] /a 10
[28/04/2018 16:30:16] /a 10
[28/04/2018 16:30:16] /a 10
[28/04/2018 16:30:16] /a 10
[28/04/2018 16:30:16] /a 10
[28/04/2018 16:30:16] /a 10
[28/04/2018 16:30:16] /a 10
[28/04/2018 16:30:17] /a 10
[28/04/2018 16:30:17] /a 10
[28/04/2018 16:30:17] /a 10
[28/04/2018 16:30:18] /a 10
[28/04/2018 16:30:18] /a 10
[28/04/2018 16:30:19] /a 10
[28/04/2018 16:30:19] /a 10
[28/04/2018 16:30:19] /a 10
[28/04/2018 16:30:19] /a 10
[28/04/2018 16:30:19] /a 10
[28/04/2018 16:30:20] /a 10
[28/04/2018 16:30:20] /a 10
[28/04/2018 16:30:20] /a 10
[28/04/2018 16:30:20] /a 10
[28/04/2018 16:30:20] /a 10
[28/04/2018 16:30:20] /a 10
[28/04/2018 16:30:21] /a 10
[28/04/2018 16:30:21] /a 10
[28/04/2018 16:30:21] /a 10
[28/04/2018 16:30:21] /a 10
[28/04/2018 16:30:21] /a 10
[28/04/2018 16:30:21] /a 10
[28/04/2018 16:30:22] /a 10
[28/04/2018 16:30:22] /a 10
[28/04/2018 16:30:22] /a 10
[28/04/2018 16:30:22] /a 10
[28/04/2018 16:30:22] /a 10
[28/04/2018 16:30:22] /a 10
[28/04/2018 16:30:23] /a 10
[28/04/2018 16:30:23] /a 10
[28/04/2018 16:30:23] /a 10
[28/04/2018 16:30:23] /a 10
[28/04/2018 16:30:23] /a 10
[28/04/2018 16:30:23] /a 10
[28/04/2018 16:30:24] /a 10
[28/04/2018 16:30:24] /a 10
[28/04/2018 16:30:24] /a 10
[28/04/2018 16:30:24] /a 10
[28/04/2018 16:30:24] /a 10
[28/04/2018 16:30:25] /a 10
[28/04/2018 16:30:25] /a 10
[28/04/2018 16:30:25] /a 10
[28/04/2018 16:30:26] /a 10
[28/04/2018 16:30:26] /goto [ADM] Lord
[28/04/2018 16:30:46] /i 11497
[28/04/2018 16:31:11] /a 10
[28/04/2018 16:31:11] /a 10
[28/04/2018 16:35:09] /a 10
[28/04/2018 16:35:09] /a 10
[28/04/2018 16:35:09] /a 10
[28/04/2018 16:35:09] /a 10
[28/04/2018 16:35:10] /a 10
[28/04/2018 16:35:10] /a 10
[28/04/2018 16:35:10] /a 10
[28/04/2018 16:35:10] /a 10
[28/04/2018 16:35:10] /a 10
[28/04/2018 16:35:10] /a 10
[28/04/2018 16:35:10] /a 10
[28/04/2018 16:35:11] /a 10
[28/04/2018 16:35:11] /a 10
[28/04/2018 16:35:11] /a 10
[28/04/2018 16:35:12] /a 10
[28/04/2018 16:35:12] /a 10
[28/04/2018 16:35:12] /a 10
[28/04/2018 16:35:12] /a 10
[28/04/2018 16:35:12] /a 10
[28/04/2018 16:35:13] /a 10
[28/04/2018 16:35:13] /a 10
[28/04/2018 16:35:13] /a 10
[28/04/2018 16:35:14] /a 10
[28/04/2018 16:35:15] /a 10
[28/04/2018 16:35:15] /a 10
[28/04/2018 16:35:15] /a 10
[28/04/2018 16:35:15] /a 10
[28/04/2018 16:35:15] /a 10
[28/04/2018 16:35:15] /a 10
[28/04/2018 16:35:16] /a 10
[28/04/2018 16:35:16] /a 10
[28/04/2018 16:35:16] /a 10
[28/04/2018 16:35:16] /a 10
[28/04/2018 16:35:17] /a 10
[28/04/2018 16:35:30] /a 10
[28/04/2018 16:35:31] /a 10
[28/04/2018 16:35:31] /a 10
[28/04/2018 16:35:31] /a 10
[28/04/2018 16:35:31] /a 10
[28/04/2018 16:35:31] /a 10
[28/04/2018 16:35:31] /a 10
[28/04/2018 16:35:31] /a 10
[28/04/2018 16:35:31] /a 10
[28/04/2018 16:35:31] /a 10
[28/04/2018 16:35:32] /a 10
[28/04/2018 16:35:32] /a 10
[28/04/2018 16:35:32] /a 10
[28/04/2018 16:35:33] /a 10
[28/04/2018 16:35:33] /a 10
[28/04/2018 16:35:33] /a 10
[28/04/2018 16:35:33] /a 10
[28/04/2018 16:35:33] /a 10
[28/04/2018 16:35:34] /a 10
[28/04/2018 16:35:35] /a 10
[28/04/2018 16:35:35] /a 10
[28/04/2018 16:35:35] /a 10
[28/04/2018 16:35:35] /a 10
[28/04/2018 16:35:35] /a 10
[28/04/2018 16:35:35] /a 10
[28/04/2018 16:35:36] /a 10
[28/04/2018 16:35:36] /a 10
[28/04/2018 16:35:36] /a 10
[28/04/2018 16:35:36] /a 10
[28/04/2018 16:35:36] /a 10
[28/04/2018 16:35:36] /a 10
[28/04/2018 16:35:36] /a 10
[28/04/2018 16:35:37] /a 10
[28/04/2018 16:35:37] /a 10
[28/04/2018 16:35:37] /a 10
[28/04/2018 16:35:38] /a 10
[28/04/2018 16:35:38] /a 10
[28/04/2018 16:35:38] /a 10
[28/04/2018 16:35:38] /a 10
[28/04/2018 16:35:38] /a 10
[28/04/2018 16:35:38] /a 10
[28/04/2018 16:35:39] /a 10
[28/04/2018 16:35:39] /a 10
[28/04/2018 16:35:39] /a 10
[28/04/2018 16:35:39] /a 10
[28/04/2018 16:35:39] /a 10
[28/04/2018 16:35:39] /a 10
[28/04/2018 16:35:39] /a 10
[28/04/2018 16:35:40] /a 10
[28/04/2018 16:35:50] /a 10
[28/04/2018 16:35:50] /a 10
[28/04/2018 16:35:51] /a 10
[28/04/2018 16:35:51] /a 10
[28/04/2018 16:35:52] /a 10
[28/04/2018 16:35:52] /a 10
[28/04/2018 16:35:53] /a 10
[28/04/2018 16:35:53] /a 10
[28/04/2018 16:35:54] /a 10
[28/04/2018 16:35:54] /a 10
[28/04/2018 16:35:54] /a 10
[28/04/2018 16:35:55] /a 10
[28/04/2018 16:36:02] /a 10
[28/04/2018 16:36:18] /i 11497
[28/04/2018 16:37:13] /i 11493
[28/04/2018 16:37:14] /i 11494
[28/04/2018 16:37:17] /i 11495
[28/04/2018 16:37:18] /i 11496
[28/04/2018 16:37:40] /i 11501
[28/04/2018 16:37:41] /i 11502
[28/04/2018 16:37:42] /i 11503
[28/04/2018 16:37:44] /i 11504
[28/04/2018 16:37:46] /i 11505
[28/04/2018 16:38:22] /i 11532
[28/04/2018 16:38:29] /i 7408
[28/04/2018 16:38:34] /t
[28/04/2018 16:40:24] /a 10
[28/04/2018 16:40:25] /a 10
[28/04/2018 16:40:25] /a 10
[28/04/2018 16:40:25] /a 10
[28/04/2018 16:40:25] /a 10
[28/04/2018 16:40:25] /a 10
[28/04/2018 16:40:25] /a 10
[28/04/2018 16:40:25] /a 10
[28/04/2018 16:40:25] /a 10
[28/04/2018 16:40:25] /a 10
[28/04/2018 16:40:26] /a 10
[28/04/2018 16:40:26] /a 10
[28/04/2018 16:40:26] /a 10
[28/04/2018 16:40:26] /a 10
[28/04/2018 16:40:26] /a 10
[28/04/2018 16:40:26] /a 10
[28/04/2018 16:40:27] /a 10
[28/04/2018 16:40:27] /a 10
[28/04/2018 16:40:27] /a 10
[28/04/2018 16:40:27] /a 10
[28/04/2018 16:40:27] /a 10
[28/04/2018 16:40:27] /a 10
[28/04/2018 16:40:29] /a 10
[28/04/2018 16:40:29] /a 10
[28/04/2018 16:40:30] /a 10
[28/04/2018 16:40:30] /a 10
[28/04/2018 16:40:30] /a 10
[28/04/2018 16:40:30] /a 10
[28/04/2018 16:40:30] /a 10
[28/04/2018 16:40:30] /a 10
[28/04/2018 16:40:31] /a 10
[28/04/2018 16:40:31] /a 10
[28/04/2018 16:40:31] /a 10
[28/04/2018 16:40:31] /a 10
[28/04/2018 16:40:32] /a 10
[28/04/2018 16:40:33] /a 10
[28/04/2018 16:40:33] /a 10
[28/04/2018 16:40:33] /a 10
[28/04/2018 16:40:33] /a 10
[28/04/2018 16:40:33] /a 10
[28/04/2018 16:40:35] /newtype 1302
[28/04/2018 16:40:36] /a 10
[28/04/2018 16:40:44] /newtype 1302
[28/04/2018 16:40:48] /newtype 1232
[28/04/2018 16:40:49] /newtype 1171
[28/04/2018 16:40:51] /newtype 1329
[28/04/2018 16:40:56] /a 10
[28/04/2018 16:40:56] /a 10
[28/04/2018 16:40:57] /a 10
[28/04/2018 16:40:57] /a 10
[28/04/2018 16:40:57] /a 10
[28/04/2018 16:40:58] /a 10
[28/04/2018 16:40:58] /a 10
[28/04/2018 16:40:58] /a 10
[28/04/2018 16:41:11] /a 10
[28/04/2018 16:42:13] /i 2431
[28/04/2018 16:42:20] /i 7402
[28/04/2018 16:43:04] /i 2190
[28/04/2018 16:43:10] /i 2188
[28/04/2018 16:43:15] /i 2413
[28/04/2018 16:43:23] /i 2474
[28/04/2018 16:43:32] /i 7878
[28/04/2018 16:43:38] /i 7888
[28/04/2018 16:43:47] /i 2182
[28/04/2018 16:44:05] /i 11490
[28/04/2018 16:44:13] /i 2191
[28/04/2018 16:44:18] /i 2189
[28/04/2018 16:44:40] /a 10
[28/04/2018 16:44:40] /a 10
[28/04/2018 16:44:41] /a 10
[28/04/2018 16:44:44] /a 10
[28/04/2018 16:44:45] /a 10
[28/04/2018 16:44:46] /a 10
[28/04/2018 16:45:02] /i 11492
[28/04/2018 16:45:27] /i 11580
[28/04/2018 16:46:33] /i 2500
[28/04/2018 16:46:40] /i 2001
[28/04/2018 16:46:42] /i 2002
[28/04/2018 16:46:44] /i 2003
[28/04/2018 16:46:50] /i 2/t
[28/04/2018 16:46:52] /t
[28/04/2018 16:49:00] /newtype 1232
[28/04/2018 16:49:01] /newtype 1302
[28/04/2018 16:49:02] /goto [ADM] Lord
[28/04/2018 16:50:35] /r
[28/04/2018 16:51:18] /i attr position 1029 1255 6
[28/04/2018 16:51:23] /i attr position 1029 1255 6
[28/04/2018 16:51:29] /attr position 1029 1255 6
[28/04/2018 16:51:46] /attr position 1028 1255 6
[28/04/2018 16:53:41] /attr Position 1028 1255 6
[28/04/2018 16:53:57] /attr Position 1000 1200 5
[28/04/2018 16:54:04] /t
[28/04/2018 16:54:12] /goto [ADM] Lord
[28/04/2018 16:54:19] /attr Position 1027 912 5
[28/04/2018 16:54:26] /attr Position 1027 912 5
[28/04/2018 16:54:29] /goto [ADM] Lord
[28/04/2018 16:55:09] /c treiner
[28/04/2018 16:55:17] /c trainer
[28/04/2018 16:55:25] /s trainer
[28/04/2018 16:55:36] /a 10
[28/04/2018 16:55:46] /a 10
[28/04/2018 16:55:46] /a 10
[28/04/2018 16:55:46] /a 10
[28/04/2018 16:55:47] /a 10
[28/04/2018 16:56:15] /r
[28/04/2018 16:56:22] /m trainer
[28/04/2018 17:05:13] /goto [ADM] Lord
[28/04/2018 17:05:14] /newtype 1302
[28/04/2018 17:05:20] /newtype 1232
[28/04/2018 17:05:22] /newtype 1171
[28/04/2018 17:05:25] /newtype 1329
[28/04/2018 17:05:26] /newtype 1103
[28/04/2018 17:05:33] /newtype 1332
[28/04/2018 17:05:36] /newtype 1108
[28/04/2018 17:05:39] /newtype 1345
[28/04/2018 17:05:41] /newtype 1347
[28/04/2018 17:05:47] /newtype 1245
[28/04/2018 17:05:51] /newtype 1350
[28/04/2018 17:05:51] /newtype 1245
[28/04/2018 17:05:53] /a 10
[28/04/2018 17:05:55] /a 10
[28/04/2018 17:07:18] /addskill black Clover ,experience 1
[28/04/2018 17:07:19] /addskill black Clover ,experience 1
[28/04/2018 17:07:19] /addskill black Clover ,experience 1
[28/04/2018 17:07:20] /addskill black Clover ,experience 1
[28/04/2018 17:07:21] /addskill black Clover ,experience 1
[28/04/2018 17:07:21] /addskill black Clover ,experience 1
[28/04/2018 17:07:21] /addskill black Clover ,experience 1
