[27/03/2018 20:21:24] /goto [ADM] Manuba
[27/03/2018 20:22:16] /c [ADM] blue
[27/03/2018 20:24:12] /goto [ADM] Lord
[27/03/2018 20:29:01] /goto [ADM] Lord
[28/03/2018 09:15:26] /c [aDM] Blue
[28/03/2018 09:15:32] /c [aDM] Blue
[28/03/2018 09:15:36] /c [ADM] Blue
[28/03/2018 09:16:15] /c [ADM] Blue
[28/03/2018 12:58:37] /goto [ADM] Manuba
[28/03/2018 13:02:07] /b ser nob doí né Emanuel
[28/03/2018 13:02:24] /kick [ADM] Manuba
[28/03/2018 13:02:26] /kick [ADM] Manuba
[28/03/2018 13:02:26] /kick [ADM] Manuba
[28/03/2018 15:22:50] /goto [ADM] Lord
[29/03/2018 08:52:07] /demote
[29/03/2018 08:52:24] /goto [ADM] Lord
[29/03/2018 14:59:28] /t
[29/03/2018 14:59:36] /b perdi uma acc :S
[29/03/2018 15:01:34] /i 5882
[29/03/2018 15:02:03] /i 5920
[29/03/2018 15:02:30] /i 6100
[29/03/2018 15:03:17] /i fire bug
[29/03/2018 15:03:26] /i fire bug
[29/03/2018 15:03:38] /clean
[29/03/2018 15:04:03] /i 8985
[29/03/2018 15:04:24] /i 8978
