[11/04/2018 18:39:19] /down
[11/04/2018 18:39:21] /down
[11/04/2018 18:39:23] /down
[24/04/2018 19:21:43] /goto [ADM] Lord
[24/04/2018 19:23:52] /goto [ADM] Lord
[24/04/2018 19:24:21] /bc green a Vida me Ensinou a Nunca Dessistir.
[24/04/2018 19:24:40] /bc green Historia, Nossas Historias, Dias de Luta Dias de Gloria
[24/04/2018 19:25:24] /r
[25/04/2018 12:21:27] /a 2
[25/04/2018 12:21:28] /a 2
[25/04/2018 12:21:28] /a 2
[25/04/2018 12:21:28] /a 2
[25/04/2018 12:21:28] /a 2
[27/04/2018 19:30:10] /goto [ADM] Manuba
[27/04/2018 19:30:15] /goto [ADM] lord
[05/05/2018 19:16:46] /t
[14/01/2020 16:18:52] /ghost
[23/01/2020 13:13:50] /c [ADM] Blue
[22/02/2020 13:48:53] /goto [ADM] Lord
[22/02/2020 13:49:25] /goto [ADM] m~
[22/02/2020 13:49:30] /r
[22/02/2020 13:49:30] /r
[22/02/2020 13:49:30] /r
[22/02/2020 13:49:30] /r
[22/02/2020 13:49:34] /r
[22/02/2020 13:49:34] /r
[22/02/2020 13:49:34] /r
[22/02/2020 13:49:34] /r
[22/02/2020 13:49:34] /r
[22/02/2020 13:49:35] /r
[22/02/2020 13:49:35] /r
[22/02/2020 13:49:35] /r
[22/02/2020 13:49:35] /r
[22/02/2020 13:49:35] /r
[22/02/2020 13:49:35] /r
[22/02/2020 13:49:35] /r
[22/02/2020 13:49:35] /r
[22/02/2020 13:49:35] /r
[22/02/2020 13:49:35] /r
[22/02/2020 13:49:35] /r
[22/02/2020 13:49:35] /r
[22/02/2020 13:49:35] /r
[22/02/2020 13:49:35] /r
[22/02/2020 13:49:35] /r
[22/02/2020 13:49:35] /r
[22/02/2020 13:49:36] /r
[22/02/2020 13:49:36] /r
[22/02/2020 13:49:36] /r
[22/02/2020 13:49:36] /r
[22/02/2020 13:49:36] /r
[22/02/2020 13:49:36] /r
[22/02/2020 13:49:36] /r
[22/02/2020 13:49:36] /r
[22/02/2020 13:49:36] /r
[22/02/2020 13:49:36] /r
[22/02/2020 13:49:36] /r
[22/02/2020 13:49:36] /r
[22/02/2020 13:49:36] /r
[22/02/2020 13:49:36] /r
[22/02/2020 13:49:36] /r
[22/02/2020 13:49:36] /r
[22/02/2020 13:49:36] /r
[22/02/2020 13:49:36] /r
[22/02/2020 13:49:36] /r
[22/02/2020 13:49:36] /r
[22/02/2020 13:49:36] /r
[22/02/2020 13:49:36] /r
[22/02/2020 13:49:36] /r
[22/02/2020 13:49:36] /r
[22/02/2020 13:49:36] /r
[22/02/2020 13:49:36] /r
[22/02/2020 13:49:36] /r
[22/02/2020 13:49:36] /r
[22/02/2020 13:49:36] /r
[22/02/2020 13:49:36] /r
[22/02/2020 13:49:37] /r
[22/02/2020 13:49:37] /r
[22/02/2020 13:49:37] /r
[22/02/2020 13:49:37] /r
[22/02/2020 13:49:37] /r
[22/02/2020 13:49:37] /r
[22/02/2020 13:49:37] /r
[22/02/2020 13:49:37] /r
[22/02/2020 13:49:37] /r
[22/02/2020 13:49:37] /r
[22/02/2020 13:49:37] /r
[22/02/2020 13:49:37] /r
[22/02/2020 13:49:37] /r
[22/02/2020 13:49:37] /r
[22/02/2020 13:49:37] /r
[22/02/2020 13:49:37] /r
[22/02/2020 13:49:37] /r
[22/02/2020 13:49:37] /r
[22/02/2020 13:49:37] /r
[22/02/2020 13:49:37] /r
[22/02/2020 13:49:37] /r
[22/02/2020 13:49:37] /r
[22/02/2020 13:49:37] /r
[22/02/2020 13:49:37] /r
[22/02/2020 13:49:37] /r
[22/02/2020 13:49:37] /r
[22/02/2020 13:49:37] /r
[22/02/2020 13:49:37] /r
[22/02/2020 13:49:37] /r
[22/02/2020 13:49:38] /r
[22/02/2020 13:49:38] /r
[22/02/2020 13:49:38] /r
[22/02/2020 13:49:38] /r
[22/02/2020 13:49:38] /r
[22/02/2020 13:49:38] /r
[22/02/2020 13:49:38] /r
[22/02/2020 13:49:38] /r
[22/02/2020 13:49:38] /r
[22/02/2020 13:49:38] /r
[22/02/2020 13:49:38] /r
[22/02/2020 13:49:38] /r
[22/02/2020 13:49:38] /r
[22/02/2020 13:49:38] /r
[22/02/2020 13:49:38] /r
[22/02/2020 13:49:38] /r
[22/02/2020 13:49:38] /r
[22/02/2020 13:49:38] /r
[22/02/2020 13:49:38] /r
[22/02/2020 13:49:38] /r
[22/02/2020 13:49:38] /r
[22/02/2020 13:49:38] /r
[22/02/2020 13:49:38] /r
[22/02/2020 13:49:38] /r
[22/02/2020 13:49:38] /r
[22/02/2020 13:49:38] /r
[22/02/2020 13:49:38] /r
[22/02/2020 13:49:39] /r
[22/02/2020 13:49:39] /r
[22/02/2020 13:49:39] /r
[22/02/2020 13:49:39] /r
[22/02/2020 13:49:39] /r
[22/02/2020 13:49:39] /r
[22/02/2020 13:49:39] /r
[22/02/2020 13:49:39] /r
[22/02/2020 13:49:39] /r
[22/02/2020 13:49:39] /r
[22/02/2020 13:49:39] /r
[22/02/2020 13:49:39] /r
[22/02/2020 13:49:39] /r
[22/02/2020 13:49:39] /r
[22/02/2020 13:49:39] /r
[22/02/2020 13:49:39] /r
[22/02/2020 13:49:39] /r
[22/02/2020 13:49:39] /r
[22/02/2020 13:49:39] /r
[22/02/2020 13:49:39] /r
[22/02/2020 13:49:39] /r
[22/02/2020 13:49:39] /r
[22/02/2020 13:49:39] /r
[22/02/2020 13:49:39] /r
[22/02/2020 13:49:39] /r
[22/02/2020 13:49:39] /r
[22/02/2020 13:49:39] /r
[22/02/2020 13:49:39] /r
[22/02/2020 13:49:39] /r
[22/02/2020 13:49:39] /r
[22/02/2020 13:49:39] /r
[22/02/2020 13:49:39] /r
[22/02/2020 13:49:39] /r
[22/02/2020 13:49:39] /r
[22/02/2020 13:49:39] /r
[22/02/2020 13:49:39] /r
[22/02/2020 13:49:40] /r
[22/02/2020 13:49:40] /r
[22/02/2020 13:49:40] /r
[22/02/2020 13:49:40] /r
[22/02/2020 13:49:40] /r
[22/02/2020 13:49:40] /r
[22/02/2020 13:49:40] /r
[22/02/2020 13:49:40] /r
[22/02/2020 13:49:40] /r
[22/02/2020 13:49:40] /r
[22/02/2020 13:49:40] /r
[22/02/2020 13:49:40] /r
[22/02/2020 13:49:40] /r
[22/02/2020 13:49:40] /r
[22/02/2020 13:49:40] /r
[22/02/2020 13:49:40] /r
[22/02/2020 13:49:40] /r
[22/02/2020 13:49:40] /r
[22/02/2020 13:49:40] /r
[22/02/2020 13:49:40] /r
[22/02/2020 13:49:40] /r
[22/02/2020 13:49:40] /r
[22/02/2020 13:49:40] /r
[22/02/2020 13:49:40] /r
[22/02/2020 13:49:40] /r
[22/02/2020 13:49:40] /r
[22/02/2020 13:49:40] /r
[22/02/2020 13:49:40] /r
[22/02/2020 13:49:40] /r
[22/02/2020 13:49:40] /r
[22/02/2020 13:49:41] /r
[22/02/2020 13:49:41] /r
[22/02/2020 13:49:41] /r
[22/02/2020 13:49:41] /r
[22/02/2020 13:49:41] /r
[22/02/2020 13:49:41] /r
[22/02/2020 13:49:41] /r
[22/02/2020 13:49:41] /r
[22/02/2020 13:49:41] /r
[22/02/2020 13:49:41] /r
[22/02/2020 13:49:41] /r
[22/02/2020 13:49:41] /r
[22/02/2020 13:49:41] /r
[22/02/2020 13:49:41] /r
[22/02/2020 13:49:41] /r
[22/02/2020 13:49:41] /r
[22/02/2020 13:49:41] /r
[22/02/2020 13:49:41] /r
[22/02/2020 13:49:41] /r
[22/02/2020 13:49:41] /r
[22/02/2020 13:49:41] /r
[22/02/2020 13:49:41] /r
[22/02/2020 13:49:41] /r
[22/02/2020 13:49:42] /r
[22/02/2020 13:49:42] /r
[22/02/2020 13:49:42] /r
[22/02/2020 13:49:42] /r
[22/02/2020 13:49:42] /r
[22/02/2020 13:49:42] /r
[22/02/2020 13:49:42] /r
[22/02/2020 13:49:42] /r
[22/02/2020 13:49:42] /r
[22/02/2020 13:49:42] /r
[22/02/2020 13:49:42] /r
[22/02/2020 13:49:42] /r
[22/02/2020 13:49:42] /r
[22/02/2020 13:49:42] /r
[22/02/2020 13:49:42] /r
[22/02/2020 13:49:42] /r
[22/02/2020 13:49:42] /r
[22/02/2020 13:49:42] /r
[22/02/2020 13:49:42] /r
[22/02/2020 13:49:42] /r
[22/02/2020 13:49:42] /r
[22/02/2020 13:49:43] /r
[22/02/2020 13:49:43] /r
[22/02/2020 13:49:43] /r
[22/02/2020 13:49:43] /r
[22/02/2020 13:49:43] /r
[22/02/2020 13:49:43] /r
[22/02/2020 13:49:43] /r
[22/02/2020 13:49:43] /r
[22/02/2020 13:49:43] /r
[22/02/2020 13:49:43] /r
[22/02/2020 13:49:43] /r
[22/02/2020 13:49:43] /r
[22/02/2020 13:49:43] /r
[22/02/2020 13:49:43] /r
[22/02/2020 13:49:43] /r
[22/02/2020 13:49:43] /r
[22/02/2020 13:49:43] /r
[22/02/2020 13:49:43] /r
[22/02/2020 13:49:43] /r
[22/02/2020 13:49:43] /r
[22/02/2020 13:49:43] /r
[22/02/2020 13:49:43] /r
[22/02/2020 13:49:43] /r
[22/02/2020 13:49:43] /r
[22/02/2020 13:49:43] /r
