[28/03/2018 09:34:28] /a 10
[28/03/2018 09:34:28] /a 10
[28/03/2018 09:34:28] /a 10
[28/03/2018 09:34:28] /a 10
[28/03/2018 09:34:28] /a 10
[28/03/2018 09:34:29] /a 10
[28/03/2018 09:34:29] /a 10
[28/03/2018 09:34:29] /a 10
[28/03/2018 09:34:29] /a 10
[28/03/2018 09:34:29] /a 10
[28/03/2018 09:34:29] /a 10
[28/03/2018 09:34:30] /a 10
[28/03/2018 09:34:30] /a 10
[28/03/2018 09:34:33] /a 60
[28/03/2018 09:34:34] /a 10
[28/03/2018 09:34:34] /a 10
[28/03/2018 09:34:34] /a 10
[28/03/2018 09:34:35] /a 10
[28/03/2018 09:35:06] /i 7443
[28/03/2018 09:35:29] /i 6300
[28/03/2018 09:35:41] /i 2341
[28/03/2018 09:35:54] /i 2340
[28/03/2018 09:36:06] /i 2223
[28/03/2018 09:36:23] /b eu q o diga
[28/03/2018 09:36:40] /b passei a noite td mechendo nisso
[28/03/2018 09:37:17] /i 2272
[28/03/2018 09:37:51] /i 7449
[28/03/2018 09:38:23] /i 3957
[28/03/2018 09:38:43] /i 2792
[28/03/2018 09:39:01] /i 2270
[28/03/2018 09:39:14] /i 2285
[28/03/2018 09:39:30] /i 2288
[28/03/2018 09:39:48] /i 7461
[28/03/2018 09:40:03] /i 2147
[28/03/2018 09:40:19] /i 3941
[28/03/2018 09:40:55] /i 10139
[28/03/2018 09:41:11] /i 2130
[28/03/2018 09:41:22] /i 11259
[28/03/2018 09:41:27] /r
[28/03/2018 09:41:36] /i 11260
[28/03/2018 09:41:39] /r
[28/03/2018 09:41:44] /b É TEEEEEETRAAAAAA
[28/03/2018 09:41:56] /b É TEEEEETRAAAAAAAAAAAAAAA
